{"/Users/ngonl/Documents/oddx-team/odd-game-app/src/App.js": {"path":"/Users/ngonl/Documents/oddx-team/odd-game-app/src/App.js","statementMap":{"0":{"start":{"line":17,"column":21},"end":{"line":28,"column":1}},"1":{"start":{"line":18,"column":25},"end":{"line":18,"column":41}},"2":{"start":{"line":20,"column":2},"end":{"line":27,"column":3}},"3":{"start":{"line":22,"column":6},"end":{"line":22,"column":57}},"4":{"start":{"line":24,"column":6},"end":{"line":24,"column":32}},"5":{"start":{"line":26,"column":6},"end":{"line":26,"column":24}},"6":{"start":{"line":30,"column":12},"end":{"line":56,"column":1}},"7":{"start":{"line":31,"column":2},"end":{"line":55,"column":3}}},"fnMap":{"0":{"name":"(anonymous_0)","decl":{"start":{"line":17,"column":21},"end":{"line":17,"column":22}},"loc":{"start":{"line":17,"column":63},"end":{"line":28,"column":1}},"line":17},"1":{"name":"(anonymous_1)","decl":{"start":{"line":30,"column":12},"end":{"line":30,"column":13}},"loc":{"start":{"line":30,"column":18},"end":{"line":56,"column":1}},"line":30}},"branchMap":{"0":{"loc":{"start":{"line":20,"column":2},"end":{"line":27,"column":3}},"type":"switch","locations":[{"start":{"line":21,"column":4},"end":{"line":22,"column":57}},{"start":{"line":23,"column":4},"end":{"line":24,"column":32}},{"start":{"line":25,"column":4},"end":{"line":26,"column":24}}],"line":20}},"s":{"0":1,"1":0,"2":0,"3":0,"4":0,"5":0,"6":1,"7":1},"f":{"0":0,"1":1},"b":{"0":[0,0,0]},"_coverageSchema":"43e27e138ebf9cfc5966b082cf9a028302ed4184","hash":"b8073806c2505d16b1283255415d2d934793ab6c"}
,"/Users/ngonl/Documents/oddx-team/odd-game-app/src/config.js": {"path":"/Users/ngonl/Documents/oddx-team/odd-game-app/src/config.js","statementMap":{},"fnMap":{},"branchMap":{},"s":{},"f":{},"b":{},"hash":"06b086772f1fa128199651ffc1b009d773498beb"}
,"/Users/ngonl/Documents/oddx-team/odd-game-app/src/index.js": {"path":"/Users/ngonl/Documents/oddx-team/odd-game-app/src/index.js","statementMap":{"0":{"start":{"line":9,"column":0},"end":{"line":9,"column":13}},"1":{"start":{"line":10,"column":0},"end":{"line":10,"column":57}}},"fnMap":{},"branchMap":{},"s":{"0":0,"1":0},"f":{},"b":{},"hash":"dbb22b5db2fc3bf8cf0be42cf1a7dfc8310cf7c7"}
,"/Users/ngonl/Documents/oddx-team/odd-game-app/src/layout.js": {"path":"/Users/ngonl/Documents/oddx-team/odd-game-app/src/layout.js","statementMap":{"0":{"start":{"line":2,"column":16},"end":{"line":2,"column":40}},"1":{"start":{"line":3,"column":15},"end":{"line":3,"column":66}},"2":{"start":{"line":4,"column":15},"end":{"line":4,"column":66}},"3":{"start":{"line":7,"column":14},"end":{"line":7,"column":42}},"4":{"start":{"line":8,"column":2},"end":{"line":8,"column":42}},"5":{"start":{"line":14,"column":4},"end":{"line":14,"column":119}},"6":{"start":{"line":15,"column":2},"end":{"line":15,"column":62}},"7":{"start":{"line":18,"column":12},"end":{"line":18,"column":31}},"8":{"start":{"line":19,"column":2},"end":{"line":23,"column":3}},"9":{"start":{"line":20,"column":4},"end":{"line":20,"column":40}},"10":{"start":{"line":21,"column":9},"end":{"line":23,"column":3}},"11":{"start":{"line":22,"column":4},"end":{"line":22,"column":44}},"12":{"start":{"line":26,"column":24},"end":{"line":26,"column":26}},"13":{"start":{"line":27,"column":19},"end":{"line":27,"column":61}},"14":{"start":{"line":30,"column":2},"end":{"line":30,"column":72}},"15":{"start":{"line":32,"column":20},"end":{"line":32,"column":24}},"16":{"start":{"line":33,"column":21},"end":{"line":33,"column":24}},"17":{"start":{"line":34,"column":20},"end":{"line":34,"column":42}},"18":{"start":{"line":38,"column":17},"end":{"line":38,"column":64}},"19":{"start":{"line":39,"column":17},"end":{"line":39,"column":64}},"20":{"start":{"line":40,"column":24},"end":{"line":40,"column":35}},"21":{"start":{"line":43,"column":4},"end":{"line":47,"column":5}},"22":{"start":{"line":44,"column":6},"end":{"line":44,"column":42}},"23":{"start":{"line":46,"column":6},"end":{"line":46,"column":41}},"24":{"start":{"line":48,"column":4},"end":{"line":48,"column":42}},"25":{"start":{"line":49,"column":4},"end":{"line":49,"column":36}},"26":{"start":{"line":50,"column":4},"end":{"line":50,"column":35}},"27":{"start":{"line":53,"column":2},"end":{"line":53,"column":13}},"28":{"start":{"line":54,"column":2},"end":{"line":54,"column":57}},"29":{"start":{"line":55,"column":2},"end":{"line":55,"column":46}}},"fnMap":{"0":{"name":"(anonymous_0)","decl":{"start":{"line":1,"column":15},"end":{"line":1,"column":16}},"loc":{"start":{"line":1,"column":21},"end":{"line":56,"column":1}},"line":1},"1":{"name":"resetRoot","decl":{"start":{"line":37,"column":11},"end":{"line":37,"column":20}},"loc":{"start":{"line":37,"column":24},"end":{"line":51,"column":3}},"line":37}},"branchMap":{"0":{"loc":{"start":{"line":7,"column":14},"end":{"line":7,"column":42}},"type":"binary-expr","locations":[{"start":{"line":7,"column":14},"end":{"line":7,"column":37}},{"start":{"line":7,"column":41},"end":{"line":7,"column":42}}],"line":7},"1":{"loc":{"start":{"line":14,"column":4},"end":{"line":14,"column":119}},"type":"binary-expr","locations":[{"start":{"line":14,"column":4},"end":{"line":14,"column":16}},{"start":{"line":14,"column":20},"end":{"line":14,"column":32}},{"start":{"line":14,"column":36},"end":{"line":14,"column":65}},{"start":{"line":14,"column":69},"end":{"line":14,"column":119}}],"line":14},"2":{"loc":{"start":{"line":19,"column":2},"end":{"line":23,"column":3}},"type":"if","locations":[{"start":{"line":19,"column":2},"end":{"line":23,"column":3}},{"start":{"line":19,"column":2},"end":{"line":23,"column":3}}],"line":19},"3":{"loc":{"start":{"line":21,"column":9},"end":{"line":23,"column":3}},"type":"if","locations":[{"start":{"line":21,"column":9},"end":{"line":23,"column":3}},{"start":{"line":21,"column":9},"end":{"line":23,"column":3}}],"line":21},"4":{"loc":{"start":{"line":21,"column":13},"end":{"line":21,"column":63}},"type":"binary-expr","locations":[{"start":{"line":21,"column":13},"end":{"line":21,"column":38}},{"start":{"line":21,"column":42},"end":{"line":21,"column":63}}],"line":21},"5":{"loc":{"start":{"line":27,"column":19},"end":{"line":27,"column":61}},"type":"cond-expr","locations":[{"start":{"line":27,"column":34},"end":{"line":27,"column":54}},{"start":{"line":27,"column":57},"end":{"line":27,"column":61}}],"line":27},"6":{"loc":{"start":{"line":43,"column":4},"end":{"line":47,"column":5}},"type":"if","locations":[{"start":{"line":43,"column":4},"end":{"line":47,"column":5}},{"start":{"line":43,"column":4},"end":{"line":47,"column":5}}],"line":43}},"s":{"0":0,"1":0,"2":0,"3":0,"4":0,"5":0,"6":0,"7":0,"8":0,"9":0,"10":0,"11":0,"12":0,"13":0,"14":0,"15":0,"16":0,"17":0,"18":0,"19":0,"20":0,"21":0,"22":0,"23":0,"24":0,"25":0,"26":0,"27":0,"28":0,"29":0},"f":{"0":0,"1":0},"b":{"0":[0,0],"1":[0,0,0,0],"2":[0,0],"3":[0,0],"4":[0,0],"5":[0,0],"6":[0,0]},"hash":"75045b6813eb28cc21e0186f4933bbebbc206a39"}
,"/Users/ngonl/Documents/oddx-team/odd-game-app/src/mixins.js": {"path":"/Users/ngonl/Documents/oddx-team/odd-game-app/src/mixins.js","statementMap":{"0":{"start":{"line":1,"column":22},"end":{"line":6,"column":1}},"1":{"start":{"line":2,"column":2},"end":{"line":5,"column":3}},"2":{"start":{"line":8,"column":25},"end":{"line":26,"column":1}},"3":{"start":{"line":17,"column":2},"end":{"line":25,"column":3}},"4":{"start":{"line":28,"column":24},"end":{"line":34,"column":1}},"5":{"start":{"line":29,"column":14},"end":{"line":29,"column":24}},"6":{"start":{"line":30,"column":2},"end":{"line":33,"column":3}},"7":{"start":{"line":36,"column":27},"end":{"line":43,"column":1}},"8":{"start":{"line":37,"column":2},"end":{"line":42,"column":3}},"9":{"start":{"line":45,"column":26},"end":{"line":52,"column":1}},"10":{"start":{"line":46,"column":2},"end":{"line":51,"column":3}},"11":{"start":{"line":54,"column":24},"end":{"line":63,"column":1}},"12":{"start":{"line":55,"column":2},"end":{"line":62,"column":3}}},"fnMap":{"0":{"name":"(anonymous_0)","decl":{"start":{"line":1,"column":22},"end":{"line":1,"column":23}},"loc":{"start":{"line":1,"column":41},"end":{"line":6,"column":1}},"line":1},"1":{"name":"(anonymous_1)","decl":{"start":{"line":8,"column":25},"end":{"line":8,"column":26}},"loc":{"start":{"line":16,"column":6},"end":{"line":26,"column":1}},"line":16},"2":{"name":"(anonymous_2)","decl":{"start":{"line":28,"column":24},"end":{"line":28,"column":25}},"loc":{"start":{"line":28,"column":83},"end":{"line":34,"column":1}},"line":28},"3":{"name":"(anonymous_3)","decl":{"start":{"line":36,"column":27},"end":{"line":36,"column":28}},"loc":{"start":{"line":36,"column":33},"end":{"line":43,"column":1}},"line":36},"4":{"name":"(anonymous_4)","decl":{"start":{"line":45,"column":26},"end":{"line":45,"column":27}},"loc":{"start":{"line":45,"column":39},"end":{"line":52,"column":1}},"line":45},"5":{"name":"(anonymous_5)","decl":{"start":{"line":54,"column":24},"end":{"line":54,"column":25}},"loc":{"start":{"line":54,"column":106},"end":{"line":63,"column":1}},"line":54}},"branchMap":{"0":{"loc":{"start":{"line":9,"column":2},"end":{"line":9,"column":14}},"type":"default-arg","locations":[{"start":{"line":9,"column":10},"end":{"line":9,"column":14}}],"line":9},"1":{"loc":{"start":{"line":10,"column":2},"end":{"line":10,"column":13}},"type":"default-arg","locations":[{"start":{"line":10,"column":9},"end":{"line":10,"column":13}}],"line":10},"2":{"loc":{"start":{"line":11,"column":2},"end":{"line":11,"column":15}},"type":"default-arg","locations":[{"start":{"line":11,"column":11},"end":{"line":11,"column":15}}],"line":11},"3":{"loc":{"start":{"line":12,"column":2},"end":{"line":12,"column":18}},"type":"default-arg","locations":[{"start":{"line":12,"column":14},"end":{"line":12,"column":18}}],"line":12},"4":{"loc":{"start":{"line":13,"column":2},"end":{"line":13,"column":19}},"type":"default-arg","locations":[{"start":{"line":13,"column":15},"end":{"line":13,"column":19}}],"line":13},"5":{"loc":{"start":{"line":14,"column":2},"end":{"line":14,"column":14}},"type":"default-arg","locations":[{"start":{"line":14,"column":10},"end":{"line":14,"column":14}}],"line":14},"6":{"loc":{"start":{"line":15,"column":2},"end":{"line":15,"column":14}},"type":"default-arg","locations":[{"start":{"line":15,"column":10},"end":{"line":15,"column":14}}],"line":15},"7":{"loc":{"start":{"line":28,"column":46},"end":{"line":28,"column":62}},"type":"default-arg","locations":[{"start":{"line":28,"column":53},"end":{"line":28,"column":62}}],"line":28},"8":{"loc":{"start":{"line":28,"column":64},"end":{"line":28,"column":78}},"type":"default-arg","locations":[{"start":{"line":28,"column":70},"end":{"line":28,"column":78}}],"line":28},"9":{"loc":{"start":{"line":54,"column":32},"end":{"line":54,"column":42}},"type":"default-arg","locations":[{"start":{"line":54,"column":38},"end":{"line":54,"column":42}}],"line":54},"10":{"loc":{"start":{"line":54,"column":44},"end":{"line":54,"column":56}},"type":"default-arg","locations":[{"start":{"line":54,"column":52},"end":{"line":54,"column":56}}],"line":54},"11":{"loc":{"start":{"line":54,"column":58},"end":{"line":54,"column":71}},"type":"default-arg","locations":[{"start":{"line":54,"column":67},"end":{"line":54,"column":71}}],"line":54},"12":{"loc":{"start":{"line":54,"column":73},"end":{"line":54,"column":84}},"type":"default-arg","locations":[{"start":{"line":54,"column":80},"end":{"line":54,"column":84}}],"line":54},"13":{"loc":{"start":{"line":54,"column":86},"end":{"line":54,"column":99}},"type":"default-arg","locations":[{"start":{"line":54,"column":95},"end":{"line":54,"column":99}}],"line":54}},"s":{"0":1,"1":14,"2":1,"3":0,"4":1,"5":14,"6":14,"7":1,"8":0,"9":1,"10":0,"11":1,"12":0},"f":{"0":14,"1":0,"2":14,"3":0,"4":0,"5":0},"b":{"0":[0],"1":[0],"2":[0],"3":[0],"4":[0],"5":[0],"6":[0],"7":[14],"8":[14],"9":[0],"10":[0],"11":[0],"12":[0],"13":[0]},"_coverageSchema":"43e27e138ebf9cfc5966b082cf9a028302ed4184","hash":"b94aa536dd20de329be8930dc60523fb4a9418c1"}
,"/Users/ngonl/Documents/oddx-team/odd-game-app/src/setupProxy.js": {"path":"/Users/ngonl/Documents/oddx-team/odd-game-app/src/setupProxy.js","statementMap":{"0":{"start":{"line":1,"column":34},"end":{"line":1,"column":66}},"1":{"start":{"line":3,"column":18},"end":{"line":3,"column":116}},"2":{"start":{"line":5,"column":0},"end":{"line":22,"column":1}},"3":{"start":{"line":6,"column":2},"end":{"line":13,"column":3}},"4":{"start":{"line":14,"column":2},"end":{"line":21,"column":3}}},"fnMap":{"0":{"name":"(anonymous_0)","decl":{"start":{"line":5,"column":17},"end":{"line":5,"column":18}},"loc":{"start":{"line":5,"column":32},"end":{"line":22,"column":1}},"line":5}},"branchMap":{"0":{"loc":{"start":{"line":3,"column":18},"end":{"line":3,"column":116}},"type":"cond-expr","locations":[{"start":{"line":3,"column":65},"end":{"line":3,"column":90}},{"start":{"line":3,"column":93},"end":{"line":3,"column":116}}],"line":3}},"s":{"0":0,"1":0,"2":0,"3":0,"4":0},"f":{"0":0},"b":{"0":[0,0]},"hash":"eca39a3ce99f0c7e729a7e478adf7e1cff3451dd"}
,"/Users/ngonl/Documents/oddx-team/odd-game-app/src/utils.js": {"path":"/Users/ngonl/Documents/oddx-team/odd-game-app/src/utils.js","statementMap":{"0":{"start":{"line":4,"column":15},"end":{"line":4,"column":42}},"1":{"start":{"line":5,"column":15},"end":{"line":5,"column":49}},"2":{"start":{"line":6,"column":16},"end":{"line":6,"column":58}},"3":{"start":{"line":7,"column":18},"end":{"line":7,"column":34}},"4":{"start":{"line":8,"column":2},"end":{"line":8,"column":27}},"5":{"start":{"line":8,"column":16},"end":{"line":8,"column":27}},"6":{"start":{"line":9,"column":2},"end":{"line":9,"column":28}},"7":{"start":{"line":9,"column":19},"end":{"line":9,"column":28}},"8":{"start":{"line":10,"column":2},"end":{"line":10,"column":59}},"9":{"start":{"line":14,"column":2},"end":{"line":14,"column":63}},"10":{"start":{"line":14,"column":47},"end":{"line":14,"column":62}},"11":{"start":{"line":18,"column":2},"end":{"line":18,"column":74}},"12":{"start":{"line":18,"column":52},"end":{"line":18,"column":73}},"13":{"start":{"line":22,"column":2},"end":{"line":22,"column":35}},"14":{"start":{"line":26,"column":21},"end":{"line":26,"column":43}},"15":{"start":{"line":27,"column":12},"end":{"line":27,"column":32}},"16":{"start":{"line":28,"column":12},"end":{"line":28,"column":33}},"17":{"start":{"line":29,"column":12},"end":{"line":29,"column":35}},"18":{"start":{"line":30,"column":12},"end":{"line":30,"column":35}},"19":{"start":{"line":32,"column":2},"end":{"line":37,"column":3}},"20":{"start":{"line":42,"column":4},"end":{"line":44,"column":5}},"21":{"start":{"line":43,"column":6},"end":{"line":43,"column":41}},"22":{"start":{"line":43,"column":28},"end":{"line":43,"column":40}},"23":{"start":{"line":45,"column":4},"end":{"line":51,"column":5}},"24":{"start":{"line":46,"column":21},"end":{"line":46,"column":23}},"25":{"start":{"line":47,"column":6},"end":{"line":49,"column":8}},"26":{"start":{"line":48,"column":8},"end":{"line":48,"column":52}},"27":{"start":{"line":50,"column":6},"end":{"line":50,"column":19}},"28":{"start":{"line":52,"column":4},"end":{"line":52,"column":16}},"29":{"start":{"line":54,"column":2},"end":{"line":54,"column":18}},"30":{"start":{"line":58,"column":2},"end":{"line":58,"column":56}},"31":{"start":{"line":58,"column":32},"end":{"line":58,"column":55}},"32":{"start":{"line":62,"column":2},"end":{"line":62,"column":38}}},"fnMap":{"0":{"name":"getParam","decl":{"start":{"line":3,"column":9},"end":{"line":3,"column":17}},"loc":{"start":{"line":3,"column":35},"end":{"line":11,"column":1}},"line":3},"1":{"name":"camelizeStr","decl":{"start":{"line":13,"column":9},"end":{"line":13,"column":20}},"loc":{"start":{"line":13,"column":27},"end":{"line":15,"column":1}},"line":13},"2":{"name":"(anonymous_2)","decl":{"start":{"line":14,"column":37},"end":{"line":14,"column":38}},"loc":{"start":{"line":14,"column":47},"end":{"line":14,"column":62}},"line":14},"3":{"name":"snakifyStr","decl":{"start":{"line":17,"column":9},"end":{"line":17,"column":19}},"loc":{"start":{"line":17,"column":26},"end":{"line":19,"column":1}},"line":17},"4":{"name":"(anonymous_4)","decl":{"start":{"line":18,"column":42},"end":{"line":18,"column":43}},"loc":{"start":{"line":18,"column":52},"end":{"line":18,"column":73}},"line":18},"5":{"name":"slugifyStr","decl":{"start":{"line":21,"column":9},"end":{"line":21,"column":19}},"loc":{"start":{"line":21,"column":26},"end":{"line":23,"column":1}},"line":21},"6":{"name":"parseTime","decl":{"start":{"line":25,"column":9},"end":{"line":25,"column":18}},"loc":{"start":{"line":25,"column":27},"end":{"line":38,"column":1}},"line":25},"7":{"name":"convertCase","decl":{"start":{"line":40,"column":9},"end":{"line":40,"column":20}},"loc":{"start":{"line":40,"column":35},"end":{"line":55,"column":1}},"line":40},"8":{"name":"converter","decl":{"start":{"line":41,"column":11},"end":{"line":41,"column":20}},"loc":{"start":{"line":41,"column":29},"end":{"line":53,"column":3}},"line":41},"9":{"name":"(anonymous_9)","decl":{"start":{"line":43,"column":23},"end":{"line":43,"column":24}},"loc":{"start":{"line":43,"column":28},"end":{"line":43,"column":40}},"line":43},"10":{"name":"(anonymous_10)","decl":{"start":{"line":47,"column":33},"end":{"line":47,"column":34}},"loc":{"start":{"line":47,"column":38},"end":{"line":49,"column":7}},"line":47},"11":{"name":"delay","decl":{"start":{"line":57,"column":9},"end":{"line":57,"column":14}},"loc":{"start":{"line":57,"column":20},"end":{"line":59,"column":1}},"line":57},"12":{"name":"(anonymous_12)","decl":{"start":{"line":58,"column":21},"end":{"line":58,"column":22}},"loc":{"start":{"line":58,"column":32},"end":{"line":58,"column":55}},"line":58},"13":{"name":"convertChar","decl":{"start":{"line":61,"column":9},"end":{"line":61,"column":20}},"loc":{"start":{"line":61,"column":27},"end":{"line":63,"column":1}},"line":61}},"branchMap":{"0":{"loc":{"start":{"line":4,"column":15},"end":{"line":4,"column":42}},"type":"binary-expr","locations":[{"start":{"line":4,"column":15},"end":{"line":4,"column":18}},{"start":{"line":4,"column":22},"end":{"line":4,"column":42}}],"line":4},"1":{"loc":{"start":{"line":8,"column":2},"end":{"line":8,"column":27}},"type":"if","locations":[{"start":{"line":8,"column":2},"end":{"line":8,"column":27}},{"start":{"line":8,"column":2},"end":{"line":8,"column":27}}],"line":8},"2":{"loc":{"start":{"line":9,"column":2},"end":{"line":9,"column":28}},"type":"if","locations":[{"start":{"line":9,"column":2},"end":{"line":9,"column":28}},{"start":{"line":9,"column":2},"end":{"line":9,"column":28}}],"line":9},"3":{"loc":{"start":{"line":42,"column":4},"end":{"line":44,"column":5}},"type":"if","locations":[{"start":{"line":42,"column":4},"end":{"line":44,"column":5}},{"start":{"line":42,"column":4},"end":{"line":44,"column":5}}],"line":42},"4":{"loc":{"start":{"line":45,"column":4},"end":{"line":51,"column":5}},"type":"if","locations":[{"start":{"line":45,"column":4},"end":{"line":51,"column":5}},{"start":{"line":45,"column":4},"end":{"line":51,"column":5}}],"line":45}},"s":{"0":0,"1":0,"2":0,"3":0,"4":0,"5":0,"6":0,"7":0,"8":0,"9":0,"10":0,"11":0,"12":0,"13":0,"14":0,"15":0,"16":0,"17":0,"18":0,"19":0,"20":0,"21":0,"22":0,"23":0,"24":0,"25":0,"26":0,"27":0,"28":0,"29":2,"30":0,"31":0,"32":0},"f":{"0":0,"1":0,"2":0,"3":0,"4":0,"5":0,"6":0,"7":2,"8":0,"9":0,"10":0,"11":0,"12":0,"13":0},"b":{"0":[0,0],"1":[0,0],"2":[0,0],"3":[0,0],"4":[0,0]},"_coverageSchema":"43e27e138ebf9cfc5966b082cf9a028302ed4184","hash":"a515e4bb1507dd8db8d32d9cdfdfa55679a1c51e"}
,"/Users/ngonl/Documents/oddx-team/odd-game-app/src/components/Card/Card.js": {"path":"/Users/ngonl/Documents/oddx-team/odd-game-app/src/components/Card/Card.js","statementMap":{"0":{"start":{"line":7,"column":20},"end":{"line":29,"column":1}},"1":{"start":{"line":8,"column":22},"end":{"line":8,"column":71}},"2":{"start":{"line":10,"column":2},"end":{"line":28,"column":3}},"3":{"start":{"line":11,"column":48},"end":{"line":11,"column":68}},"4":{"start":{"line":31,"column":0},"end":{"line":39,"column":1}}},"fnMap":{"0":{"name":"(anonymous_0)","decl":{"start":{"line":7,"column":20},"end":{"line":7,"column":21}},"loc":{"start":{"line":7,"column":64},"end":{"line":29,"column":1}},"line":7},"1":{"name":"(anonymous_1)","decl":{"start":{"line":11,"column":42},"end":{"line":11,"column":43}},"loc":{"start":{"line":11,"column":48},"end":{"line":11,"column":68}},"line":11}},"branchMap":{"0":{"loc":{"start":{"line":11,"column":48},"end":{"line":11,"column":68}},"type":"binary-expr","locations":[{"start":{"line":11,"column":48},"end":{"line":11,"column":55}},{"start":{"line":11,"column":59},"end":{"line":11,"column":68}}],"line":11},"1":{"loc":{"start":{"line":20,"column":9},"end":{"line":25,"column":9}},"type":"binary-expr","locations":[{"start":{"line":20,"column":9},"end":{"line":20,"column":26}},{"start":{"line":20,"column":30},"end":{"line":20,"column":46}},{"start":{"line":21,"column":10},"end":{"line":24,"column":16}}],"line":20}},"s":{"0":1,"1":0,"2":0,"3":0,"4":1},"f":{"0":0,"1":0},"b":{"0":[0,0],"1":[0,0,0]},"_coverageSchema":"43e27e138ebf9cfc5966b082cf9a028302ed4184","hash":"702e2c7b1269fb5640b0297fe51ca94ef8634299"}
,"/Users/ngonl/Documents/oddx-team/odd-game-app/src/components/Card/index.js": {"path":"/Users/ngonl/Documents/oddx-team/odd-game-app/src/components/Card/index.js","statementMap":{},"fnMap":{},"branchMap":{},"s":{},"f":{},"b":{},"_coverageSchema":"43e27e138ebf9cfc5966b082cf9a028302ed4184","hash":"fe2401fc5362a3371ffcc0bec1e1dc21f6129a83"}
,"/Users/ngonl/Documents/oddx-team/odd-game-app/src/components/CardRoom/CardRoom.js": {"path":"/Users/ngonl/Documents/oddx-team/odd-game-app/src/components/CardRoom/CardRoom.js","statementMap":{"0":{"start":{"line":6,"column":13},"end":{"line":16,"column":1}},"1":{"start":{"line":7,"column":20},"end":{"line":9,"column":3}},"2":{"start":{"line":10,"column":2},"end":{"line":15,"column":3}},"3":{"start":{"line":18,"column":24},"end":{"line":56,"column":1}},"4":{"start":{"line":25,"column":6},"end":{"line":25,"column":11}},"5":{"start":{"line":27,"column":24},"end":{"line":29,"column":3}},"6":{"start":{"line":28,"column":4},"end":{"line":28,"column":34}},"7":{"start":{"line":30,"column":21},"end":{"line":32,"column":3}},"8":{"start":{"line":31,"column":4},"end":{"line":31,"column":34}},"9":{"start":{"line":34,"column":2},"end":{"line":55,"column":3}},"10":{"start":{"line":37,"column":8},"end":{"line":52,"column":25}},"11":{"start":{"line":46,"column":62},"end":{"line":46,"column":87}},"12":{"start":{"line":49,"column":64},"end":{"line":49,"column":92}},"13":{"start":{"line":58,"column":0},"end":{"line":66,"column":1}},"14":{"start":{"line":68,"column":0},"end":{"line":71,"column":1}}},"fnMap":{"0":{"name":"(anonymous_0)","decl":{"start":{"line":6,"column":13},"end":{"line":6,"column":14}},"loc":{"start":{"line":6,"column":35},"end":{"line":16,"column":1}},"line":6},"1":{"name":"(anonymous_1)","decl":{"start":{"line":18,"column":24},"end":{"line":18,"column":25}},"loc":{"start":{"line":18,"column":33},"end":{"line":56,"column":1}},"line":18},"2":{"name":"(anonymous_2)","decl":{"start":{"line":27,"column":24},"end":{"line":27,"column":25}},"loc":{"start":{"line":27,"column":43},"end":{"line":29,"column":3}},"line":27},"3":{"name":"(anonymous_3)","decl":{"start":{"line":30,"column":21},"end":{"line":30,"column":22}},"loc":{"start":{"line":30,"column":46},"end":{"line":32,"column":3}},"line":30},"4":{"name":"(anonymous_4)","decl":{"start":{"line":36,"column":14},"end":{"line":36,"column":15}},"loc":{"start":{"line":37,"column":8},"end":{"line":52,"column":25}},"line":37},"5":{"name":"(anonymous_5)","decl":{"start":{"line":46,"column":56},"end":{"line":46,"column":57}},"loc":{"start":{"line":46,"column":62},"end":{"line":46,"column":87}},"line":46},"6":{"name":"(anonymous_6)","decl":{"start":{"line":49,"column":58},"end":{"line":49,"column":59}},"loc":{"start":{"line":49,"column":64},"end":{"line":49,"column":92}},"line":49}},"branchMap":{},"s":{"0":1,"1":0,"2":0,"3":1,"4":0,"5":0,"6":0,"7":0,"8":0,"9":0,"10":0,"11":0,"12":0,"13":1,"14":1},"f":{"0":0,"1":0,"2":0,"3":0,"4":0,"5":0,"6":0},"b":{},"_coverageSchema":"43e27e138ebf9cfc5966b082cf9a028302ed4184","hash":"a43d3c807f46035b44e9c40cd7f9a32bcd877657"}
,"/Users/ngonl/Documents/oddx-team/odd-game-app/src/components/CardRoom/index.js": {"path":"/Users/ngonl/Documents/oddx-team/odd-game-app/src/components/CardRoom/index.js","statementMap":{},"fnMap":{},"branchMap":{},"s":{},"f":{},"b":{},"_coverageSchema":"43e27e138ebf9cfc5966b082cf9a028302ed4184","hash":"7b1a631a3d2892e83d90cd47fa9ed02704d5e673"}
,"/Users/ngonl/Documents/oddx-team/odd-game-app/src/components/CardRoom/styled.js": {"path":"/Users/ngonl/Documents/oddx-team/odd-game-app/src/components/CardRoom/styled.js","statementMap":{"0":{"start":{"line":3,"column":21},"end":{"line":8,"column":1}},"1":{"start":{"line":10,"column":29},"end":{"line":15,"column":1}},"2":{"start":{"line":17,"column":30},"end":{"line":24,"column":1}},"3":{"start":{"line":26,"column":28},"end":{"line":34,"column":1}},"4":{"start":{"line":36,"column":26},"end":{"line":39,"column":1}},"5":{"start":{"line":41,"column":30},"end":{"line":44,"column":1}}},"fnMap":{},"branchMap":{},"s":{"0":1,"1":1,"2":1,"3":1,"4":1,"5":1},"f":{},"b":{},"_coverageSchema":"43e27e138ebf9cfc5966b082cf9a028302ed4184","hash":"7a705e5be485871bc9f008dac82dc5dfa321396a"}
,"/Users/ngonl/Documents/oddx-team/odd-game-app/src/components/ChatMessage/ChatMessage.js": {"path":"/Users/ngonl/Documents/oddx-team/odd-game-app/src/components/ChatMessage/ChatMessage.js","statementMap":{"0":{"start":{"line":8,"column":27},"end":{"line":24,"column":1}},"1":{"start":{"line":9,"column":26},"end":{"line":9,"column":47}},"2":{"start":{"line":10,"column":21},"end":{"line":10,"column":37}},"3":{"start":{"line":11,"column":23},"end":{"line":11,"column":45}},"4":{"start":{"line":13,"column":2},"end":{"line":23,"column":3}},"5":{"start":{"line":26,"column":0},"end":{"line":32,"column":1}}},"fnMap":{"0":{"name":"(anonymous_0)","decl":{"start":{"line":8,"column":27},"end":{"line":8,"column":28}},"loc":{"start":{"line":8,"column":67},"end":{"line":24,"column":1}},"line":8}},"branchMap":{},"s":{"0":1,"1":0,"2":0,"3":0,"4":0,"5":1},"f":{"0":0},"b":{},"_coverageSchema":"43e27e138ebf9cfc5966b082cf9a028302ed4184","hash":"d439cc489f1994f4a2fcda1b6f70622436fb97aa"}
,"/Users/ngonl/Documents/oddx-team/odd-game-app/src/components/ChatMessage/index.js": {"path":"/Users/ngonl/Documents/oddx-team/odd-game-app/src/components/ChatMessage/index.js","statementMap":{},"fnMap":{},"branchMap":{},"s":{},"f":{},"b":{},"_coverageSchema":"43e27e138ebf9cfc5966b082cf9a028302ed4184","hash":"78f09bd46078a4926eb817ca34e52917676a03b9"}
,"/Users/ngonl/Documents/oddx-team/odd-game-app/src/components/ChatMessage/styled.js": {"path":"/Users/ngonl/Documents/oddx-team/odd-game-app/src/components/ChatMessage/styled.js","statementMap":{"0":{"start":{"line":3,"column":29},"end":{"line":21,"column":1}},"1":{"start":{"line":23,"column":22},"end":{"line":48,"column":1}},"2":{"start":{"line":50,"column":20},"end":{"line":55,"column":1}},"3":{"start":{"line":57,"column":23},"end":{"line":63,"column":1}},"4":{"start":{"line":65,"column":20},"end":{"line":71,"column":1}},"5":{"start":{"line":73,"column":22},"end":{"line":77,"column":1}}},"fnMap":{},"branchMap":{},"s":{"0":1,"1":1,"2":1,"3":1,"4":1,"5":1},"f":{},"b":{},"_coverageSchema":"43e27e138ebf9cfc5966b082cf9a028302ed4184","hash":"f592867979f7f45d10df1886c456dcda82563899"}
,"/Users/ngonl/Documents/oddx-team/odd-game-app/src/components/Header/Header.js": {"path":"/Users/ngonl/Documents/oddx-team/odd-game-app/src/components/Header/Header.js","statementMap":{"0":{"start":{"line":24,"column":20},"end":{"line":41,"column":1}},"1":{"start":{"line":25,"column":2},"end":{"line":40,"column":3}},"2":{"start":{"line":43,"column":0},"end":{"line":45,"column":1}},"3":{"start":{"line":47,"column":22},"end":{"line":83,"column":1}},"4":{"start":{"line":48,"column":55},"end":{"line":48,"column":71}},"5":{"start":{"line":49,"column":32},"end":{"line":49,"column":55}},"6":{"start":{"line":50,"column":18},"end":{"line":50,"column":30}},"7":{"start":{"line":52,"column":2},"end":{"line":58,"column":25}},"8":{"start":{"line":53,"column":4},"end":{"line":57,"column":6}},"9":{"start":{"line":54,"column":6},"end":{"line":54,"column":26}},"10":{"start":{"line":56,"column":6},"end":{"line":56,"column":18}},"11":{"start":{"line":60,"column":2},"end":{"line":82,"column":3}},"12":{"start":{"line":62,"column":31},"end":{"line":62,"column":72}}},"fnMap":{"0":{"name":"(anonymous_0)","decl":{"start":{"line":24,"column":20},"end":{"line":24,"column":21}},"loc":{"start":{"line":24,"column":40},"end":{"line":41,"column":1}},"line":24},"1":{"name":"(anonymous_1)","decl":{"start":{"line":47,"column":22},"end":{"line":47,"column":23}},"loc":{"start":{"line":47,"column":28},"end":{"line":83,"column":1}},"line":47},"2":{"name":"(anonymous_2)","decl":{"start":{"line":52,"column":12},"end":{"line":52,"column":13}},"loc":{"start":{"line":52,"column":18},"end":{"line":58,"column":3}},"line":52},"3":{"name":"(anonymous_3)","decl":{"start":{"line":53,"column":21},"end":{"line":53,"column":22}},"loc":{"start":{"line":53,"column":29},"end":{"line":55,"column":5}},"line":53},"4":{"name":"(anonymous_4)","decl":{"start":{"line":55,"column":13},"end":{"line":55,"column":14}},"loc":{"start":{"line":55,"column":19},"end":{"line":57,"column":5}},"line":55},"5":{"name":"(anonymous_5)","decl":{"start":{"line":62,"column":25},"end":{"line":62,"column":26}},"loc":{"start":{"line":62,"column":31},"end":{"line":62,"column":72}},"line":62}},"branchMap":{"0":{"loc":{"start":{"line":62,"column":44},"end":{"line":62,"column":71}},"type":"cond-expr","locations":[{"start":{"line":62,"column":57},"end":{"line":62,"column":65}},{"start":{"line":62,"column":68},"end":{"line":62,"column":71}}],"line":62},"1":{"loc":{"start":{"line":68,"column":7},"end":{"line":80,"column":14}},"type":"binary-expr","locations":[{"start":{"line":68,"column":7},"end":{"line":68,"column":17}},{"start":{"line":69,"column":8},"end":{"line":80,"column":14}}],"line":68}},"s":{"0":1,"1":1,"2":1,"3":1,"4":1,"5":1,"6":1,"7":1,"8":0,"9":0,"10":0,"11":1,"12":0},"f":{"0":1,"1":1,"2":0,"3":0,"4":0,"5":0},"b":{"0":[0,0],"1":[1,0]},"_coverageSchema":"43e27e138ebf9cfc5966b082cf9a028302ed4184","hash":"96c823805788c67f2cf01306fcf9d97b56b9a55c"}
,"/Users/ngonl/Documents/oddx-team/odd-game-app/src/components/Header/index.js": {"path":"/Users/ngonl/Documents/oddx-team/odd-game-app/src/components/Header/index.js","statementMap":{},"fnMap":{},"branchMap":{},"s":{},"f":{},"b":{},"_coverageSchema":"43e27e138ebf9cfc5966b082cf9a028302ed4184","hash":"91c9b014cbd952014c53351975cf7e313386ac14"}
,"/Users/ngonl/Documents/oddx-team/odd-game-app/src/components/Header/styled.js": {"path":"/Users/ngonl/Documents/oddx-team/odd-game-app/src/components/Header/styled.js","statementMap":{"0":{"start":{"line":4,"column":29},"end":{"line":8,"column":1}},"1":{"start":{"line":10,"column":24},"end":{"line":25,"column":1}},"2":{"start":{"line":27,"column":32},"end":{"line":53,"column":1}},"3":{"start":{"line":55,"column":24},"end":{"line":64,"column":1}},"4":{"start":{"line":66,"column":24},"end":{"line":81,"column":1}},"5":{"start":{"line":83,"column":26},"end":{"line":90,"column":1}},"6":{"start":{"line":92,"column":32},"end":{"line":111,"column":1}},"7":{"start":{"line":113,"column":23},"end":{"line":117,"column":1}},"8":{"start":{"line":119,"column":31},"end":{"line":136,"column":1}},"9":{"start":{"line":138,"column":27},"end":{"line":144,"column":1}}},"fnMap":{},"branchMap":{},"s":{"0":1,"1":1,"2":1,"3":1,"4":1,"5":1,"6":1,"7":1,"8":1,"9":1},"f":{},"b":{},"_coverageSchema":"43e27e138ebf9cfc5966b082cf9a028302ed4184","hash":"82f9e3014c1405d7baf5d8483f6183b3bee73875"}
,"/Users/ngonl/Documents/oddx-team/odd-game-app/src/components/HeaderMenu/HeaderMenu.js": {"path":"/Users/ngonl/Documents/oddx-team/odd-game-app/src/components/HeaderMenu/HeaderMenu.js","statementMap":{"0":{"start":{"line":9,"column":26},"end":{"line":56,"column":1}},"1":{"start":{"line":10,"column":18},"end":{"line":10,"column":30}},"2":{"start":{"line":11,"column":23},"end":{"line":11,"column":40}},"3":{"start":{"line":12,"column":25},"end":{"line":12,"column":48}},"4":{"start":{"line":13,"column":32},"end":{"line":13,"column":56}},"5":{"start":{"line":15,"column":20},"end":{"line":17,"column":29}},"6":{"start":{"line":19,"column":22},"end":{"line":21,"column":3}},"7":{"start":{"line":20,"column":4},"end":{"line":20,"column":18}},"8":{"start":{"line":23,"column":20},"end":{"line":25,"column":3}},"9":{"start":{"line":24,"column":4},"end":{"line":24,"column":31}},"10":{"start":{"line":27,"column":20},"end":{"line":29,"column":3}},"11":{"start":{"line":28,"column":4},"end":{"line":28,"column":26}},"12":{"start":{"line":31,"column":17},"end":{"line":39,"column":3}},"13":{"start":{"line":32,"column":4},"end":{"line":38,"column":5}},"14":{"start":{"line":33,"column":6},"end":{"line":33,"column":24}},"15":{"start":{"line":34,"column":6},"end":{"line":34,"column":23}},"16":{"start":{"line":35,"column":6},"end":{"line":35,"column":18}},"17":{"start":{"line":37,"column":6},"end":{"line":37,"column":48}},"18":{"start":{"line":41,"column":2},"end":{"line":55,"column":3}},"19":{"start":{"line":44,"column":26},"end":{"line":44,"column":39}},"20":{"start":{"line":45,"column":26},"end":{"line":45,"column":40}},"21":{"start":{"line":49,"column":55},"end":{"line":49,"column":68}},"22":{"start":{"line":50,"column":55},"end":{"line":50,"column":66}},"23":{"start":{"line":51,"column":55},"end":{"line":51,"column":66}},"24":{"start":{"line":52,"column":54},"end":{"line":52,"column":62}}},"fnMap":{"0":{"name":"(anonymous_0)","decl":{"start":{"line":9,"column":26},"end":{"line":9,"column":27}},"loc":{"start":{"line":9,"column":32},"end":{"line":56,"column":1}},"line":9},"1":{"name":"(anonymous_1)","decl":{"start":{"line":19,"column":22},"end":{"line":19,"column":23}},"loc":{"start":{"line":19,"column":28},"end":{"line":21,"column":3}},"line":19},"2":{"name":"(anonymous_2)","decl":{"start":{"line":23,"column":20},"end":{"line":23,"column":21}},"loc":{"start":{"line":23,"column":26},"end":{"line":25,"column":3}},"line":23},"3":{"name":"(anonymous_3)","decl":{"start":{"line":27,"column":20},"end":{"line":27,"column":21}},"loc":{"start":{"line":27,"column":26},"end":{"line":29,"column":3}},"line":27},"4":{"name":"(anonymous_4)","decl":{"start":{"line":31,"column":17},"end":{"line":31,"column":18}},"loc":{"start":{"line":31,"column":29},"end":{"line":39,"column":3}},"line":31},"5":{"name":"(anonymous_5)","decl":{"start":{"line":44,"column":20},"end":{"line":44,"column":21}},"loc":{"start":{"line":44,"column":26},"end":{"line":44,"column":39}},"line":44},"6":{"name":"(anonymous_6)","decl":{"start":{"line":45,"column":20},"end":{"line":45,"column":21}},"loc":{"start":{"line":45,"column":26},"end":{"line":45,"column":40}},"line":45},"7":{"name":"(anonymous_7)","decl":{"start":{"line":49,"column":49},"end":{"line":49,"column":50}},"loc":{"start":{"line":49,"column":55},"end":{"line":49,"column":68}},"line":49},"8":{"name":"(anonymous_8)","decl":{"start":{"line":50,"column":49},"end":{"line":50,"column":50}},"loc":{"start":{"line":50,"column":55},"end":{"line":50,"column":66}},"line":50},"9":{"name":"(anonymous_9)","decl":{"start":{"line":51,"column":49},"end":{"line":51,"column":50}},"loc":{"start":{"line":51,"column":55},"end":{"line":51,"column":66}},"line":51},"10":{"name":"(anonymous_10)","decl":{"start":{"line":52,"column":48},"end":{"line":52,"column":49}},"loc":{"start":{"line":52,"column":54},"end":{"line":52,"column":62}},"line":52}},"branchMap":{"0":{"loc":{"start":{"line":15,"column":20},"end":{"line":17,"column":29}},"type":"cond-expr","locations":[{"start":{"line":16,"column":6},"end":{"line":16,"column":42}},{"start":{"line":17,"column":6},"end":{"line":17,"column":29}}],"line":15}},"s":{"0":1,"1":0,"2":0,"3":0,"4":0,"5":0,"6":0,"7":0,"8":0,"9":0,"10":0,"11":0,"12":0,"13":0,"14":0,"15":0,"16":0,"17":0,"18":0,"19":0,"20":0,"21":0,"22":0,"23":0,"24":0},"f":{"0":0,"1":0,"2":0,"3":0,"4":0,"5":0,"6":0,"7":0,"8":0,"9":0,"10":0},"b":{"0":[0,0]},"_coverageSchema":"43e27e138ebf9cfc5966b082cf9a028302ed4184","hash":"17a58d33c1a3df6f77da15d11d18b6343c9854a6"}
,"/Users/ngonl/Documents/oddx-team/odd-game-app/src/components/HeaderMenu/index.js": {"path":"/Users/ngonl/Documents/oddx-team/odd-game-app/src/components/HeaderMenu/index.js","statementMap":{},"fnMap":{},"branchMap":{},"s":{},"f":{},"b":{},"_coverageSchema":"43e27e138ebf9cfc5966b082cf9a028302ed4184","hash":"6197bec728d51a3a4d67c61de1b75ccb80f4c245"}
,"/Users/ngonl/Documents/oddx-team/odd-game-app/src/components/Loading/Loading.js": {"path":"/Users/ngonl/Documents/oddx-team/odd-game-app/src/components/Loading/Loading.js","statementMap":{"0":{"start":{"line":5,"column":23},"end":{"line":10,"column":1}},"1":{"start":{"line":6,"column":24},"end":{"line":6,"column":40}},"2":{"start":{"line":7,"column":2},"end":{"line":9,"column":10}}},"fnMap":{"0":{"name":"(anonymous_0)","decl":{"start":{"line":5,"column":23},"end":{"line":5,"column":24}},"loc":{"start":{"line":5,"column":29},"end":{"line":10,"column":1}},"line":5}},"branchMap":{"0":{"loc":{"start":{"line":7,"column":9},"end":{"line":9,"column":10}},"type":"cond-expr","locations":[{"start":{"line":8,"column":4},"end":{"line":8,"column":39}},{"start":{"line":9,"column":6},"end":{"line":9,"column":10}}],"line":7}},"s":{"0":1,"1":2,"2":2},"f":{"0":2},"b":{"0":[0,2]},"_coverageSchema":"43e27e138ebf9cfc5966b082cf9a028302ed4184","hash":"1f1cbafcde36a3d67c0434ef520255aae6fb12fd"}
,"/Users/ngonl/Documents/oddx-team/odd-game-app/src/components/Loading/index.js": {"path":"/Users/ngonl/Documents/oddx-team/odd-game-app/src/components/Loading/index.js","statementMap":{},"fnMap":{},"branchMap":{},"s":{},"f":{},"b":{},"_coverageSchema":"43e27e138ebf9cfc5966b082cf9a028302ed4184","hash":"997f518eb1495e786daa9c111be7c1c464e5db3a"}
,"/Users/ngonl/Documents/oddx-team/odd-game-app/src/components/Popups/Popups.js": {"path":"/Users/ngonl/Documents/oddx-team/odd-game-app/src/components/Popups/Popups.js","statementMap":{"0":{"start":{"line":6,"column":22},"end":{"line":15,"column":1}},"1":{"start":{"line":7,"column":36},"end":{"line":7,"column":53}},"2":{"start":{"line":9,"column":2},"end":{"line":14,"column":3}}},"fnMap":{"0":{"name":"(anonymous_0)","decl":{"start":{"line":6,"column":22},"end":{"line":6,"column":23}},"loc":{"start":{"line":6,"column":28},"end":{"line":15,"column":1}},"line":6}},"branchMap":{"0":{"loc":{"start":{"line":11,"column":7},"end":{"line":11,"column":30}},"type":"binary-expr","locations":[{"start":{"line":11,"column":7},"end":{"line":11,"column":12}},{"start":{"line":11,"column":16},"end":{"line":11,"column":30}}],"line":11},"1":{"loc":{"start":{"line":12,"column":7},"end":{"line":12,"column":44}},"type":"binary-expr","locations":[{"start":{"line":12,"column":7},"end":{"line":12,"column":21}},{"start":{"line":12,"column":25},"end":{"line":12,"column":44}}],"line":12}},"s":{"0":1,"1":1,"2":1},"f":{"0":1},"b":{"0":[1,0],"1":[1,0]},"_coverageSchema":"43e27e138ebf9cfc5966b082cf9a028302ed4184","hash":"728e98e308871722744aea6a509a957aa4bc0ffb"}
,"/Users/ngonl/Documents/oddx-team/odd-game-app/src/components/Popups/index.js": {"path":"/Users/ngonl/Documents/oddx-team/odd-game-app/src/components/Popups/index.js","statementMap":{},"fnMap":{},"branchMap":{},"s":{},"f":{},"b":{},"_coverageSchema":"43e27e138ebf9cfc5966b082cf9a028302ed4184","hash":"4059d82dd7053e25d2bac6a2fd1c3f10b1b257dd"}
,"/Users/ngonl/Documents/oddx-team/odd-game-app/src/components/Popups/ModalCreateRoom/ModalCreateRoom.js": {"path":"/Users/ngonl/Documents/oddx-team/odd-game-app/src/components/Popups/ModalCreateRoom/ModalCreateRoom.js","statementMap":{"0":{"start":{"line":8,"column":31},"end":{"line":98,"column":1}},"1":{"start":{"line":9,"column":34},"end":{"line":9,"column":46}},"2":{"start":{"line":10,"column":34},"end":{"line":10,"column":45}},"3":{"start":{"line":11,"column":26},"end":{"line":11,"column":40}},"4":{"start":{"line":12,"column":18},"end":{"line":12,"column":30}},"5":{"start":{"line":14,"column":25},"end":{"line":14,"column":41}},"6":{"start":{"line":15,"column":35},"end":{"line":15,"column":59}},"7":{"start":{"line":16,"column":25},"end":{"line":16,"column":48}},"8":{"start":{"line":18,"column":2},"end":{"line":22,"column":27}},"9":{"start":{"line":19,"column":4},"end":{"line":21,"column":5}},"10":{"start":{"line":20,"column":6},"end":{"line":20,"column":47}},"11":{"start":{"line":24,"column":22},"end":{"line":32,"column":3}},"12":{"start":{"line":25,"column":4},"end":{"line":31,"column":5}},"13":{"start":{"line":26,"column":22},"end":{"line":26,"column":84}},"14":{"start":{"line":27,"column":6},"end":{"line":27,"column":54}},"15":{"start":{"line":28,"column":6},"end":{"line":28,"column":26}},"16":{"start":{"line":30,"column":6},"end":{"line":30,"column":38}},"17":{"start":{"line":34,"column":2},"end":{"line":97,"column":3}},"18":{"start":{"line":39,"column":55},"end":{"line":39,"column":75}},"19":{"start":{"line":50,"column":33},"end":{"line":50,"column":60}},"20":{"start":{"line":62,"column":33},"end":{"line":62,"column":60}},"21":{"start":{"line":74,"column":37},"end":{"line":74,"column":60}},"22":{"start":{"line":83,"column":37},"end":{"line":83,"column":60}},"23":{"start":{"line":93,"column":73},"end":{"line":93,"column":86}}},"fnMap":{"0":{"name":"(anonymous_0)","decl":{"start":{"line":8,"column":31},"end":{"line":8,"column":32}},"loc":{"start":{"line":8,"column":37},"end":{"line":98,"column":1}},"line":8},"1":{"name":"(anonymous_1)","decl":{"start":{"line":18,"column":12},"end":{"line":18,"column":13}},"loc":{"start":{"line":18,"column":18},"end":{"line":22,"column":3}},"line":18},"2":{"name":"(anonymous_2)","decl":{"start":{"line":24,"column":22},"end":{"line":24,"column":23}},"loc":{"start":{"line":24,"column":34},"end":{"line":32,"column":3}},"line":24},"3":{"name":"(anonymous_3)","decl":{"start":{"line":39,"column":49},"end":{"line":39,"column":50}},"loc":{"start":{"line":39,"column":55},"end":{"line":39,"column":75}},"line":39},"4":{"name":"(anonymous_4)","decl":{"start":{"line":50,"column":28},"end":{"line":50,"column":29}},"loc":{"start":{"line":50,"column":33},"end":{"line":50,"column":60}},"line":50},"5":{"name":"(anonymous_5)","decl":{"start":{"line":62,"column":28},"end":{"line":62,"column":29}},"loc":{"start":{"line":62,"column":33},"end":{"line":62,"column":60}},"line":62},"6":{"name":"(anonymous_6)","decl":{"start":{"line":74,"column":30},"end":{"line":74,"column":31}},"loc":{"start":{"line":74,"column":37},"end":{"line":74,"column":60}},"line":74},"7":{"name":"(anonymous_7)","decl":{"start":{"line":83,"column":30},"end":{"line":83,"column":31}},"loc":{"start":{"line":83,"column":37},"end":{"line":83,"column":60}},"line":83},"8":{"name":"(anonymous_8)","decl":{"start":{"line":93,"column":67},"end":{"line":93,"column":68}},"loc":{"start":{"line":93,"column":73},"end":{"line":93,"column":86}},"line":93}},"branchMap":{"0":{"loc":{"start":{"line":19,"column":4},"end":{"line":21,"column":5}},"type":"if","locations":[{"start":{"line":19,"column":4},"end":{"line":21,"column":5}},{"start":{"line":19,"column":4},"end":{"line":21,"column":5}}],"line":19}},"s":{"0":1,"1":0,"2":0,"3":0,"4":0,"5":0,"6":0,"7":0,"8":0,"9":0,"10":0,"11":0,"12":0,"13":0,"14":0,"15":0,"16":0,"17":0,"18":0,"19":0,"20":0,"21":0,"22":0,"23":0},"f":{"0":0,"1":0,"2":0,"3":0,"4":0,"5":0,"6":0,"7":0,"8":0},"b":{"0":[0,0]},"_coverageSchema":"43e27e138ebf9cfc5966b082cf9a028302ed4184","hash":"28e2deec58ee8037c332925958a867778e9c8f05"}
,"/Users/ngonl/Documents/oddx-team/odd-game-app/src/components/Popups/ModalCreateRoom/index.js": {"path":"/Users/ngonl/Documents/oddx-team/odd-game-app/src/components/Popups/ModalCreateRoom/index.js","statementMap":{},"fnMap":{},"branchMap":{},"s":{},"f":{},"b":{},"_coverageSchema":"43e27e138ebf9cfc5966b082cf9a028302ed4184","hash":"1141f96e1795a0ca14bc470e9a7104528bbfba6c"}
,"/Users/ngonl/Documents/oddx-team/odd-game-app/src/components/Popups/ModalError/ModalError.js": {"path":"/Users/ngonl/Documents/oddx-team/odd-game-app/src/components/Popups/ModalError/ModalError.js","statementMap":{"0":{"start":{"line":5,"column":26},"end":{"line":29,"column":1}},"1":{"start":{"line":6,"column":33},"end":{"line":6,"column":50}},"2":{"start":{"line":7,"column":25},"end":{"line":7,"column":49}},"3":{"start":{"line":9,"column":16},"end":{"line":11,"column":3}},"4":{"start":{"line":10,"column":4},"end":{"line":10,"column":16}},"5":{"start":{"line":13,"column":2},"end":{"line":28,"column":3}},"6":{"start":{"line":18,"column":55},"end":{"line":18,"column":62}},"7":{"start":{"line":24,"column":73},"end":{"line":24,"column":80}}},"fnMap":{"0":{"name":"(anonymous_0)","decl":{"start":{"line":5,"column":26},"end":{"line":5,"column":27}},"loc":{"start":{"line":5,"column":32},"end":{"line":29,"column":1}},"line":5},"1":{"name":"(anonymous_1)","decl":{"start":{"line":9,"column":16},"end":{"line":9,"column":17}},"loc":{"start":{"line":9,"column":22},"end":{"line":11,"column":3}},"line":9},"2":{"name":"(anonymous_2)","decl":{"start":{"line":18,"column":49},"end":{"line":18,"column":50}},"loc":{"start":{"line":18,"column":55},"end":{"line":18,"column":62}},"line":18},"3":{"name":"(anonymous_3)","decl":{"start":{"line":24,"column":67},"end":{"line":24,"column":68}},"loc":{"start":{"line":24,"column":73},"end":{"line":24,"column":80}},"line":24}},"branchMap":{"0":{"loc":{"start":{"line":24,"column":83},"end":{"line":24,"column":107}},"type":"binary-expr","locations":[{"start":{"line":24,"column":83},"end":{"line":24,"column":94}},{"start":{"line":24,"column":98},"end":{"line":24,"column":107}}],"line":24}},"s":{"0":1,"1":0,"2":0,"3":0,"4":0,"5":0,"6":0,"7":0},"f":{"0":0,"1":0,"2":0,"3":0},"b":{"0":[0,0]},"_coverageSchema":"43e27e138ebf9cfc5966b082cf9a028302ed4184","hash":"abad7e4443baeb281aacd580532a6b3e838a81c8"}
,"/Users/ngonl/Documents/oddx-team/odd-game-app/src/components/Popups/ModalError/index.js": {"path":"/Users/ngonl/Documents/oddx-team/odd-game-app/src/components/Popups/ModalError/index.js","statementMap":{},"fnMap":{},"branchMap":{},"s":{},"f":{},"b":{},"_coverageSchema":"43e27e138ebf9cfc5966b082cf9a028302ed4184","hash":"20de9db679ad586e225f894fa524286e66c599cb"}
,"/Users/ngonl/Documents/oddx-team/odd-game-app/src/components/TextInput/TextInput.js": {"path":"/Users/ngonl/Documents/oddx-team/odd-game-app/src/components/TextInput/TextInput.js","statementMap":{"0":{"start":{"line":6,"column":25},"end":{"line":41,"column":1}},"1":{"start":{"line":7,"column":28},"end":{"line":7,"column":40}},"2":{"start":{"line":9,"column":23},"end":{"line":11,"column":3}},"3":{"start":{"line":10,"column":4},"end":{"line":10,"column":32}},"4":{"start":{"line":13,"column":23},"end":{"line":19,"column":3}},"5":{"start":{"line":14,"column":4},"end":{"line":14,"column":26}},"6":{"start":{"line":15,"column":4},"end":{"line":18,"column":5}},"7":{"start":{"line":16,"column":6},"end":{"line":16,"column":27}},"8":{"start":{"line":17,"column":6},"end":{"line":17,"column":18}},"9":{"start":{"line":21,"column":2},"end":{"line":40,"column":3}},"10":{"start":{"line":43,"column":0},"end":{"line":48,"column":1}}},"fnMap":{"0":{"name":"(anonymous_0)","decl":{"start":{"line":6,"column":25},"end":{"line":6,"column":26}},"loc":{"start":{"line":6,"column":34},"end":{"line":41,"column":1}},"line":6},"1":{"name":"(anonymous_1)","decl":{"start":{"line":9,"column":23},"end":{"line":9,"column":24}},"loc":{"start":{"line":9,"column":32},"end":{"line":11,"column":3}},"line":9},"2":{"name":"(anonymous_2)","decl":{"start":{"line":13,"column":23},"end":{"line":13,"column":24}},"loc":{"start":{"line":13,"column":32},"end":{"line":19,"column":3}},"line":13}},"branchMap":{"0":{"loc":{"start":{"line":15,"column":4},"end":{"line":18,"column":5}},"type":"if","locations":[{"start":{"line":15,"column":4},"end":{"line":18,"column":5}},{"start":{"line":15,"column":4},"end":{"line":18,"column":5}}],"line":15}},"s":{"0":1,"1":0,"2":0,"3":0,"4":0,"5":0,"6":0,"7":0,"8":0,"9":0,"10":1},"f":{"0":0,"1":0,"2":0},"b":{"0":[0,0]},"_coverageSchema":"43e27e138ebf9cfc5966b082cf9a028302ed4184","hash":"eff7f7322c5598e78912aa736cea90cf15b4dd5c"}
,"/Users/ngonl/Documents/oddx-team/odd-game-app/src/components/TextInput/index.js": {"path":"/Users/ngonl/Documents/oddx-team/odd-game-app/src/components/TextInput/index.js","statementMap":{},"fnMap":{},"branchMap":{},"s":{},"f":{},"b":{},"_coverageSchema":"43e27e138ebf9cfc5966b082cf9a028302ed4184","hash":"e659ceb1f95de19337f7f756d0778a1ba09618af"}
,"/Users/ngonl/Documents/oddx-team/odd-game-app/src/components/TextInput/styled.js": {"path":"/Users/ngonl/Documents/oddx-team/odd-game-app/src/components/TextInput/styled.js","statementMap":{"0":{"start":{"line":3,"column":27},"end":{"line":21,"column":1}}},"fnMap":{},"branchMap":{},"s":{"0":1},"f":{},"b":{},"_coverageSchema":"43e27e138ebf9cfc5966b082cf9a028302ed4184","hash":"d7868ba74c5cb39a09f62b97d19ecdbcc5a8348b"}
,"/Users/ngonl/Documents/oddx-team/odd-game-app/src/constants/index.js": {"path":"/Users/ngonl/Documents/oddx-team/odd-game-app/src/constants/index.js","statementMap":{"0":{"start":{"line":1,"column":33},"end":{"line":1,"column":54}},"1":{"start":{"line":2,"column":33},"end":{"line":2,"column":58}},"2":{"start":{"line":3,"column":33},"end":{"line":3,"column":58}}},"fnMap":{},"branchMap":{},"s":{"0":0,"1":0,"2":0},"f":{},"b":{},"hash":"926633399bc0d227301899a404f968b0c08b978f"}
,"/Users/ngonl/Documents/oddx-team/odd-game-app/src/contexts/GameContext.js": {"path":"/Users/ngonl/Documents/oddx-team/odd-game-app/src/contexts/GameContext.js","statementMap":{"0":{"start":{"line":5,"column":27},"end":{"line":5,"column":52}},"1":{"start":{"line":6,"column":34},"end":{"line":6,"column":49}},"2":{"start":{"line":8,"column":30},"end":{"line":8,"column":59}},"3":{"start":{"line":8,"column":36},"end":{"line":8,"column":59}},"4":{"start":{"line":9,"column":37},"end":{"line":9,"column":73}},"5":{"start":{"line":9,"column":43},"end":{"line":9,"column":73}},"6":{"start":{"line":11,"column":20},"end":{"line":33,"column":1}},"7":{"start":{"line":12,"column":2},"end":{"line":32,"column":3}},"8":{"start":{"line":14,"column":6},"end":{"line":14,"column":83}},"9":{"start":{"line":16,"column":6},"end":{"line":16,"column":48}},"10":{"start":{"line":18,"column":6},"end":{"line":18,"column":80}},"11":{"start":{"line":20,"column":6},"end":{"line":20,"column":87}},"12":{"start":{"line":22,"column":6},"end":{"line":22,"column":56}},"13":{"start":{"line":24,"column":6},"end":{"line":24,"column":54}},"14":{"start":{"line":27,"column":6},"end":{"line":27,"column":50}},"15":{"start":{"line":29,"column":6},"end":{"line":29,"column":43}},"16":{"start":{"line":31,"column":6},"end":{"line":31,"column":18}},"17":{"start":{"line":35,"column":28},"end":{"line":89,"column":1}},"18":{"start":{"line":36,"column":28},"end":{"line":47,"column":15}},"19":{"start":{"line":49,"column":18},"end":{"line":80,"column":3}},"20":{"start":{"line":51,"column":6},"end":{"line":51,"column":68}},"21":{"start":{"line":54,"column":6},"end":{"line":54,"column":75}},"22":{"start":{"line":57,"column":6},"end":{"line":57,"column":63}},"23":{"start":{"line":60,"column":6},"end":{"line":60,"column":49}},"24":{"start":{"line":63,"column":6},"end":{"line":72,"column":8}},"25":{"start":{"line":75,"column":6},"end":{"line":75,"column":37}},"26":{"start":{"line":78,"column":6},"end":{"line":78,"column":57}},"27":{"start":{"line":82,"column":2},"end":{"line":88,"column":3}},"28":{"start":{"line":91,"column":0},"end":{"line":93,"column":1}}},"fnMap":{"0":{"name":"(anonymous_0)","decl":{"start":{"line":8,"column":30},"end":{"line":8,"column":31}},"loc":{"start":{"line":8,"column":36},"end":{"line":8,"column":59}},"line":8},"1":{"name":"(anonymous_1)","decl":{"start":{"line":9,"column":37},"end":{"line":9,"column":38}},"loc":{"start":{"line":9,"column":43},"end":{"line":9,"column":73}},"line":9},"2":{"name":"(anonymous_2)","decl":{"start":{"line":11,"column":20},"end":{"line":11,"column":21}},"loc":{"start":{"line":11,"column":39},"end":{"line":33,"column":1}},"line":11},"3":{"name":"(anonymous_3)","decl":{"start":{"line":35,"column":28},"end":{"line":35,"column":29}},"loc":{"start":{"line":35,"column":46},"end":{"line":89,"column":1}},"line":35},"4":{"name":"(anonymous_4)","decl":{"start":{"line":50,"column":23},"end":{"line":50,"column":24}},"loc":{"start":{"line":50,"column":37},"end":{"line":52,"column":5}},"line":50},"5":{"name":"(anonymous_5)","decl":{"start":{"line":53,"column":28},"end":{"line":53,"column":29}},"loc":{"start":{"line":53,"column":34},"end":{"line":55,"column":5}},"line":53},"6":{"name":"(anonymous_6)","decl":{"start":{"line":56,"column":27},"end":{"line":56,"column":28}},"loc":{"start":{"line":56,"column":39},"end":{"line":58,"column":5}},"line":56},"7":{"name":"(anonymous_7)","decl":{"start":{"line":59,"column":31},"end":{"line":59,"column":32}},"loc":{"start":{"line":59,"column":41},"end":{"line":61,"column":5}},"line":59},"8":{"name":"(anonymous_8)","decl":{"start":{"line":62,"column":28},"end":{"line":62,"column":29}},"loc":{"start":{"line":62,"column":54},"end":{"line":73,"column":5}},"line":62},"9":{"name":"(anonymous_9)","decl":{"start":{"line":74,"column":33},"end":{"line":74,"column":34}},"loc":{"start":{"line":74,"column":39},"end":{"line":76,"column":5}},"line":74},"10":{"name":"(anonymous_10)","decl":{"start":{"line":77,"column":34},"end":{"line":77,"column":35}},"loc":{"start":{"line":77,"column":49},"end":{"line":79,"column":5}},"line":77}},"branchMap":{"0":{"loc":{"start":{"line":12,"column":2},"end":{"line":32,"column":3}},"type":"switch","locations":[{"start":{"line":13,"column":4},"end":{"line":14,"column":83}},{"start":{"line":15,"column":4},"end":{"line":16,"column":48}},{"start":{"line":17,"column":4},"end":{"line":18,"column":80}},{"start":{"line":19,"column":4},"end":{"line":20,"column":87}},{"start":{"line":21,"column":4},"end":{"line":22,"column":56}},{"start":{"line":23,"column":4},"end":{"line":24,"column":54}},{"start":{"line":25,"column":4},"end":{"line":25,"column":27}},{"start":{"line":26,"column":4},"end":{"line":27,"column":50}},{"start":{"line":28,"column":4},"end":{"line":29,"column":43}},{"start":{"line":30,"column":4},"end":{"line":31,"column":18}}],"line":12}},"s":{"0":1,"1":1,"2":1,"3":4,"4":1,"5":2,"6":1,"7":0,"8":0,"9":0,"10":0,"11":0,"12":0,"13":0,"14":0,"15":0,"16":0,"17":1,"18":1,"19":1,"20":0,"21":0,"22":0,"23":0,"24":0,"25":0,"26":0,"27":1,"28":1},"f":{"0":4,"1":2,"2":0,"3":1,"4":0,"5":0,"6":0,"7":0,"8":0,"9":0,"10":0},"b":{"0":[0,0,0,0,0,0,0,0,0,0]},"_coverageSchema":"43e27e138ebf9cfc5966b082cf9a028302ed4184","hash":"8d91491d428343b3319330294e76cfeb05374fdc"}
,"/Users/ngonl/Documents/oddx-team/odd-game-app/src/contexts/ModalContext.js": {"path":"/Users/ngonl/Documents/oddx-team/odd-game-app/src/contexts/ModalContext.js","statementMap":{"0":{"start":{"line":4,"column":28},"end":{"line":4,"column":53}},"1":{"start":{"line":5,"column":35},"end":{"line":5,"column":50}},"2":{"start":{"line":7,"column":31},"end":{"line":7,"column":61}},"3":{"start":{"line":7,"column":37},"end":{"line":7,"column":61}},"4":{"start":{"line":8,"column":38},"end":{"line":8,"column":75}},"5":{"start":{"line":8,"column":44},"end":{"line":8,"column":75}},"6":{"start":{"line":10,"column":22},"end":{"line":17,"column":1}},"7":{"start":{"line":11,"column":2},"end":{"line":16,"column":3}},"8":{"start":{"line":13,"column":6},"end":{"line":13,"column":39}},"9":{"start":{"line":15,"column":6},"end":{"line":15,"column":15}},"10":{"start":{"line":19,"column":21},"end":{"line":39,"column":1}},"11":{"start":{"line":20,"column":2},"end":{"line":38,"column":3}},"12":{"start":{"line":22,"column":6},"end":{"line":22,"column":79}},"13":{"start":{"line":24,"column":6},"end":{"line":24,"column":52}},"14":{"start":{"line":26,"column":6},"end":{"line":26,"column":67}},"15":{"start":{"line":28,"column":6},"end":{"line":28,"column":68}},"16":{"start":{"line":30,"column":6},"end":{"line":35,"column":7}},"17":{"start":{"line":37,"column":6},"end":{"line":37,"column":18}},"18":{"start":{"line":41,"column":29},"end":{"line":77,"column":1}},"19":{"start":{"line":42,"column":28},"end":{"line":47,"column":15}},"20":{"start":{"line":49,"column":18},"end":{"line":68,"column":3}},"21":{"start":{"line":51,"column":6},"end":{"line":51,"column":50}},"22":{"start":{"line":54,"column":6},"end":{"line":54,"column":53}},"23":{"start":{"line":57,"column":6},"end":{"line":57,"column":60}},"24":{"start":{"line":60,"column":6},"end":{"line":60,"column":53}},"25":{"start":{"line":63,"column":6},"end":{"line":63,"column":55}},"26":{"start":{"line":66,"column":6},"end":{"line":66,"column":44}},"27":{"start":{"line":70,"column":2},"end":{"line":76,"column":3}},"28":{"start":{"line":79,"column":0},"end":{"line":81,"column":1}}},"fnMap":{"0":{"name":"(anonymous_0)","decl":{"start":{"line":7,"column":31},"end":{"line":7,"column":32}},"loc":{"start":{"line":7,"column":37},"end":{"line":7,"column":61}},"line":7},"1":{"name":"(anonymous_1)","decl":{"start":{"line":8,"column":38},"end":{"line":8,"column":39}},"loc":{"start":{"line":8,"column":44},"end":{"line":8,"column":75}},"line":8},"2":{"name":"(anonymous_2)","decl":{"start":{"line":10,"column":22},"end":{"line":10,"column":23}},"loc":{"start":{"line":10,"column":45},"end":{"line":17,"column":1}},"line":10},"3":{"name":"(anonymous_3)","decl":{"start":{"line":19,"column":21},"end":{"line":19,"column":22}},"loc":{"start":{"line":19,"column":40},"end":{"line":39,"column":1}},"line":19},"4":{"name":"(anonymous_4)","decl":{"start":{"line":41,"column":29},"end":{"line":41,"column":30}},"loc":{"start":{"line":41,"column":47},"end":{"line":77,"column":1}},"line":41},"5":{"name":"(anonymous_5)","decl":{"start":{"line":50,"column":28},"end":{"line":50,"column":29}},"loc":{"start":{"line":50,"column":34},"end":{"line":52,"column":5}},"line":50},"6":{"name":"(anonymous_6)","decl":{"start":{"line":53,"column":26},"end":{"line":53,"column":27}},"loc":{"start":{"line":53,"column":39},"end":{"line":55,"column":5}},"line":53},"7":{"name":"(anonymous_7)","decl":{"start":{"line":56,"column":25},"end":{"line":56,"column":26}},"loc":{"start":{"line":56,"column":38},"end":{"line":58,"column":5}},"line":56},"8":{"name":"(anonymous_8)","decl":{"start":{"line":59,"column":27},"end":{"line":59,"column":28}},"loc":{"start":{"line":59,"column":42},"end":{"line":61,"column":5}},"line":59},"9":{"name":"(anonymous_9)","decl":{"start":{"line":62,"column":28},"end":{"line":62,"column":29}},"loc":{"start":{"line":62,"column":43},"end":{"line":64,"column":5}},"line":62},"10":{"name":"(anonymous_10)","decl":{"start":{"line":65,"column":29},"end":{"line":65,"column":30}},"loc":{"start":{"line":65,"column":35},"end":{"line":67,"column":5}},"line":65}},"branchMap":{"0":{"loc":{"start":{"line":11,"column":2},"end":{"line":16,"column":3}},"type":"switch","locations":[{"start":{"line":12,"column":4},"end":{"line":13,"column":39}},{"start":{"line":14,"column":4},"end":{"line":15,"column":15}}],"line":11},"1":{"loc":{"start":{"line":20,"column":2},"end":{"line":38,"column":3}},"type":"switch","locations":[{"start":{"line":21,"column":4},"end":{"line":22,"column":79}},{"start":{"line":23,"column":4},"end":{"line":24,"column":52}},{"start":{"line":25,"column":4},"end":{"line":26,"column":67}},{"start":{"line":27,"column":4},"end":{"line":28,"column":68}},{"start":{"line":29,"column":4},"end":{"line":35,"column":7}},{"start":{"line":36,"column":4},"end":{"line":37,"column":18}}],"line":20}},"s":{"0":1,"1":1,"2":1,"3":1,"4":1,"5":1,"6":1,"7":0,"8":0,"9":0,"10":1,"11":0,"12":0,"13":0,"14":0,"15":0,"16":0,"17":0,"18":1,"19":1,"20":1,"21":0,"22":0,"23":0,"24":0,"25":0,"26":0,"27":1,"28":1},"f":{"0":1,"1":1,"2":0,"3":0,"4":1,"5":0,"6":0,"7":0,"8":0,"9":0,"10":0},"b":{"0":[0,0],"1":[0,0,0,0,0,0]},"_coverageSchema":"43e27e138ebf9cfc5966b082cf9a028302ed4184","hash":"cba78ab07fa1bc1f6e05e389711216167aff0461"}
,"/Users/ngonl/Documents/oddx-team/odd-game-app/src/contexts/PlayContext.js": {"path":"/Users/ngonl/Documents/oddx-team/odd-game-app/src/contexts/PlayContext.js","statementMap":{"0":{"start":{"line":4,"column":27},"end":{"line":4,"column":52}},"1":{"start":{"line":5,"column":34},"end":{"line":5,"column":49}},"2":{"start":{"line":7,"column":30},"end":{"line":7,"column":59}},"3":{"start":{"line":7,"column":36},"end":{"line":7,"column":59}},"4":{"start":{"line":8,"column":37},"end":{"line":8,"column":73}},"5":{"start":{"line":8,"column":43},"end":{"line":8,"column":73}},"6":{"start":{"line":10,"column":20},"end":{"line":25,"column":1}},"7":{"start":{"line":11,"column":2},"end":{"line":24,"column":3}},"8":{"start":{"line":13,"column":6},"end":{"line":13,"column":44}},"9":{"start":{"line":15,"column":6},"end":{"line":15,"column":52}},"10":{"start":{"line":17,"column":6},"end":{"line":17,"column":70}},"11":{"start":{"line":19,"column":6},"end":{"line":19,"column":62}},"12":{"start":{"line":21,"column":6},"end":{"line":21,"column":58}},"13":{"start":{"line":23,"column":6},"end":{"line":23,"column":18}},"14":{"start":{"line":27,"column":28},"end":{"line":85,"column":1}},"15":{"start":{"line":28,"column":28},"end":{"line":34,"column":15}},"16":{"start":{"line":36,"column":18},"end":{"line":76,"column":3}},"17":{"start":{"line":38,"column":6},"end":{"line":38,"column":45}},"18":{"start":{"line":41,"column":6},"end":{"line":41,"column":54}},"19":{"start":{"line":44,"column":6},"end":{"line":44,"column":62}},"20":{"start":{"line":47,"column":6},"end":{"line":47,"column":58}},"21":{"start":{"line":50,"column":6},"end":{"line":50,"column":70}},"22":{"start":{"line":54,"column":6},"end":{"line":54,"column":45}},"23":{"start":{"line":55,"column":6},"end":{"line":55,"column":70}},"24":{"start":{"line":56,"column":6},"end":{"line":56,"column":62}},"25":{"start":{"line":57,"column":6},"end":{"line":57,"column":58}},"26":{"start":{"line":61,"column":6},"end":{"line":63,"column":14}},"27":{"start":{"line":62,"column":40},"end":{"line":62,"column":54}},"28":{"start":{"line":67,"column":6},"end":{"line":70,"column":8}},"29":{"start":{"line":69,"column":64},"end":{"line":69,"column":77}},"30":{"start":{"line":71,"column":6},"end":{"line":74,"column":8}},"31":{"start":{"line":78,"column":2},"end":{"line":84,"column":3}},"32":{"start":{"line":87,"column":0},"end":{"line":89,"column":1}}},"fnMap":{"0":{"name":"(anonymous_0)","decl":{"start":{"line":7,"column":30},"end":{"line":7,"column":31}},"loc":{"start":{"line":7,"column":36},"end":{"line":7,"column":59}},"line":7},"1":{"name":"(anonymous_1)","decl":{"start":{"line":8,"column":37},"end":{"line":8,"column":38}},"loc":{"start":{"line":8,"column":43},"end":{"line":8,"column":73}},"line":8},"2":{"name":"(anonymous_2)","decl":{"start":{"line":10,"column":20},"end":{"line":10,"column":21}},"loc":{"start":{"line":10,"column":39},"end":{"line":25,"column":1}},"line":10},"3":{"name":"(anonymous_3)","decl":{"start":{"line":27,"column":28},"end":{"line":27,"column":29}},"loc":{"start":{"line":27,"column":46},"end":{"line":85,"column":1}},"line":27},"4":{"name":"(anonymous_4)","decl":{"start":{"line":37,"column":25},"end":{"line":37,"column":26}},"loc":{"start":{"line":37,"column":35},"end":{"line":39,"column":5}},"line":37},"5":{"name":"(anonymous_5)","decl":{"start":{"line":40,"column":29},"end":{"line":40,"column":30}},"loc":{"start":{"line":40,"column":43},"end":{"line":42,"column":5}},"line":40},"6":{"name":"(anonymous_6)","decl":{"start":{"line":43,"column":34},"end":{"line":43,"column":35}},"loc":{"start":{"line":43,"column":53},"end":{"line":45,"column":5}},"line":43},"7":{"name":"(anonymous_7)","decl":{"start":{"line":46,"column":32},"end":{"line":46,"column":33}},"loc":{"start":{"line":46,"column":49},"end":{"line":48,"column":5}},"line":46},"8":{"name":"(anonymous_8)","decl":{"start":{"line":49,"column":38},"end":{"line":49,"column":39}},"loc":{"start":{"line":49,"column":61},"end":{"line":51,"column":5}},"line":49},"9":{"name":"(anonymous_9)","decl":{"start":{"line":53,"column":35},"end":{"line":53,"column":36}},"loc":{"start":{"line":53,"column":92},"end":{"line":58,"column":5}},"line":53},"10":{"name":"(anonymous_10)","decl":{"start":{"line":60,"column":29},"end":{"line":60,"column":30}},"loc":{"start":{"line":60,"column":37},"end":{"line":64,"column":5}},"line":60},"11":{"name":"(anonymous_11)","decl":{"start":{"line":62,"column":30},"end":{"line":62,"column":31}},"loc":{"start":{"line":62,"column":40},"end":{"line":62,"column":54}},"line":62},"12":{"name":"(anonymous_12)","decl":{"start":{"line":66,"column":33},"end":{"line":66,"column":34}},"loc":{"start":{"line":66,"column":45},"end":{"line":75,"column":5}},"line":66},"13":{"name":"(anonymous_13)","decl":{"start":{"line":69,"column":58},"end":{"line":69,"column":59}},"loc":{"start":{"line":69,"column":64},"end":{"line":69,"column":77}},"line":69}},"branchMap":{"0":{"loc":{"start":{"line":11,"column":2},"end":{"line":24,"column":3}},"type":"switch","locations":[{"start":{"line":12,"column":4},"end":{"line":13,"column":44}},{"start":{"line":14,"column":4},"end":{"line":15,"column":52}},{"start":{"line":16,"column":4},"end":{"line":17,"column":70}},{"start":{"line":18,"column":4},"end":{"line":19,"column":62}},{"start":{"line":20,"column":4},"end":{"line":21,"column":58}},{"start":{"line":22,"column":4},"end":{"line":23,"column":18}}],"line":11},"1":{"loc":{"start":{"line":61,"column":13},"end":{"line":63,"column":14}},"type":"cond-expr","locations":[{"start":{"line":62,"column":10},"end":{"line":62,"column":55}},{"start":{"line":63,"column":10},"end":{"line":63,"column":14}}],"line":61}},"s":{"0":1,"1":1,"2":1,"3":0,"4":1,"5":0,"6":1,"7":0,"8":0,"9":0,"10":0,"11":0,"12":0,"13":0,"14":1,"15":1,"16":1,"17":0,"18":0,"19":0,"20":0,"21":0,"22":0,"23":0,"24":0,"25":0,"26":0,"27":0,"28":0,"29":0,"30":0,"31":1,"32":1},"f":{"0":0,"1":0,"2":0,"3":1,"4":0,"5":0,"6":0,"7":0,"8":0,"9":0,"10":0,"11":0,"12":0,"13":0},"b":{"0":[0,0,0,0,0,0],"1":[0,0]},"_coverageSchema":"43e27e138ebf9cfc5966b082cf9a028302ed4184","hash":"910c279db2608ea7571bc1ca22b9118a9538fcb7"}
,"/Users/ngonl/Documents/oddx-team/odd-game-app/src/hooks/fetch.js": {"path":"/Users/ngonl/Documents/oddx-team/odd-game-app/src/hooks/fetch.js","statementMap":{"0":{"start":{"line":4,"column":24},"end":{"line":25,"column":1}},"1":{"start":{"line":5,"column":23},"end":{"line":5,"column":47}},"2":{"start":{"line":6,"column":34},"end":{"line":6,"column":48}},"3":{"start":{"line":7,"column":36},"end":{"line":7,"column":51}},"4":{"start":{"line":9,"column":2},"end":{"line":22,"column":26}},"5":{"start":{"line":10,"column":22},"end":{"line":19,"column":5}},"6":{"start":{"line":11,"column":6},"end":{"line":11,"column":24}},"7":{"start":{"line":12,"column":6},"end":{"line":18,"column":7}},"8":{"start":{"line":13,"column":20},"end":{"line":13,"column":36}},"9":{"start":{"line":14,"column":8},"end":{"line":14,"column":24}},"10":{"start":{"line":15,"column":8},"end":{"line":15,"column":27}},"11":{"start":{"line":17,"column":8},"end":{"line":17,"column":21}},"12":{"start":{"line":21,"column":4},"end":{"line":21,"column":15}},"13":{"start":{"line":24,"column":2},"end":{"line":24,"column":30}}},"fnMap":{"0":{"name":"(anonymous_0)","decl":{"start":{"line":4,"column":24},"end":{"line":4,"column":25}},"loc":{"start":{"line":4,"column":38},"end":{"line":25,"column":1}},"line":4},"1":{"name":"(anonymous_1)","decl":{"start":{"line":9,"column":12},"end":{"line":9,"column":13}},"loc":{"start":{"line":9,"column":18},"end":{"line":22,"column":3}},"line":9},"2":{"name":"(anonymous_2)","decl":{"start":{"line":10,"column":22},"end":{"line":10,"column":23}},"loc":{"start":{"line":10,"column":34},"end":{"line":19,"column":5}},"line":10}},"branchMap":{},"s":{"0":1,"1":0,"2":0,"3":0,"4":0,"5":0,"6":0,"7":0,"8":0,"9":0,"10":0,"11":0,"12":0,"13":0},"f":{"0":0,"1":0,"2":0},"b":{},"_coverageSchema":"43e27e138ebf9cfc5966b082cf9a028302ed4184","hash":"595189b0f5df6ac60a666f52299d29db57f679d2"}
,"/Users/ngonl/Documents/oddx-team/odd-game-app/src/hooks/index.js": {"path":"/Users/ngonl/Documents/oddx-team/odd-game-app/src/hooks/index.js","statementMap":{"0":{"start":{"line":4,"column":24},"end":{"line":25,"column":1}},"1":{"start":{"line":5,"column":23},"end":{"line":5,"column":47}},"2":{"start":{"line":6,"column":34},"end":{"line":6,"column":48}},"3":{"start":{"line":7,"column":36},"end":{"line":7,"column":51}},"4":{"start":{"line":9,"column":2},"end":{"line":22,"column":26}},"5":{"start":{"line":10,"column":22},"end":{"line":19,"column":5}},"6":{"start":{"line":11,"column":6},"end":{"line":11,"column":24}},"7":{"start":{"line":12,"column":6},"end":{"line":18,"column":7}},"8":{"start":{"line":13,"column":20},"end":{"line":13,"column":36}},"9":{"start":{"line":14,"column":8},"end":{"line":14,"column":24}},"10":{"start":{"line":15,"column":8},"end":{"line":15,"column":27}},"11":{"start":{"line":17,"column":8},"end":{"line":17,"column":21}},"12":{"start":{"line":21,"column":4},"end":{"line":21,"column":15}},"13":{"start":{"line":24,"column":2},"end":{"line":24,"column":30}}},"fnMap":{"0":{"name":"(anonymous_0)","decl":{"start":{"line":4,"column":24},"end":{"line":4,"column":25}},"loc":{"start":{"line":4,"column":38},"end":{"line":25,"column":1}},"line":4},"1":{"name":"(anonymous_1)","decl":{"start":{"line":9,"column":12},"end":{"line":9,"column":13}},"loc":{"start":{"line":9,"column":18},"end":{"line":22,"column":3}},"line":9},"2":{"name":"(anonymous_2)","decl":{"start":{"line":10,"column":22},"end":{"line":10,"column":23}},"loc":{"start":{"line":10,"column":34},"end":{"line":19,"column":5}},"line":10}},"branchMap":{},"s":{"0":0,"1":0,"2":0,"3":0,"4":0,"5":0,"6":0,"7":0,"8":0,"9":0,"10":0,"11":0,"12":0,"13":0},"f":{"0":0,"1":0,"2":0},"b":{},"hash":"39dd3e16e92c3c4640e61ba2afce10bc407b3a4e"}
,"/Users/ngonl/Documents/oddx-team/odd-game-app/src/pages/game-rooms/PageGameRooms.js": {"path":"/Users/ngonl/Documents/oddx-team/odd-game-app/src/pages/game-rooms/PageGameRooms.js","statementMap":{"0":{"start":{"line":19,"column":29},"end":{"line":68,"column":1}},"1":{"start":{"line":20,"column":24},"end":{"line":20,"column":48}},"2":{"start":{"line":21,"column":59},"end":{"line":21,"column":82}},"3":{"start":{"line":23,"column":36},"end":{"line":23,"column":47}},"4":{"start":{"line":24,"column":34},"end":{"line":24,"column":70}},"5":{"start":{"line":26,"column":26},"end":{"line":28,"column":21}},"6":{"start":{"line":31,"column":2},"end":{"line":40,"column":52}},"7":{"start":{"line":32,"column":4},"end":{"line":39,"column":8}},"8":{"start":{"line":33,"column":6},"end":{"line":33,"column":23}},"9":{"start":{"line":34,"column":6},"end":{"line":34,"column":21}},"10":{"start":{"line":35,"column":6},"end":{"line":35,"column":28}},"11":{"start":{"line":36,"column":31},"end":{"line":36,"column":90}},"12":{"start":{"line":37,"column":6},"end":{"line":37,"column":37}},"13":{"start":{"line":38,"column":6},"end":{"line":38,"column":29}},"14":{"start":{"line":42,"column":2},"end":{"line":67,"column":3}},"15":{"start":{"line":47,"column":35},"end":{"line":47,"column":52}},"16":{"start":{"line":51,"column":64},"end":{"line":51,"column":83}},"17":{"start":{"line":59,"column":16},"end":{"line":61,"column":22}}},"fnMap":{"0":{"name":"(anonymous_0)","decl":{"start":{"line":19,"column":29},"end":{"line":19,"column":30}},"loc":{"start":{"line":19,"column":35},"end":{"line":68,"column":1}},"line":19},"1":{"name":"(anonymous_1)","decl":{"start":{"line":31,"column":12},"end":{"line":31,"column":13}},"loc":{"start":{"line":31,"column":18},"end":{"line":40,"column":3}},"line":31},"2":{"name":"(anonymous_2)","decl":{"start":{"line":32,"column":5},"end":{"line":32,"column":6}},"loc":{"start":{"line":32,"column":17},"end":{"line":39,"column":5}},"line":32},"3":{"name":"(anonymous_3)","decl":{"start":{"line":47,"column":28},"end":{"line":47,"column":29}},"loc":{"start":{"line":47,"column":35},"end":{"line":47,"column":52}},"line":47},"4":{"name":"(anonymous_4)","decl":{"start":{"line":51,"column":58},"end":{"line":51,"column":59}},"loc":{"start":{"line":51,"column":64},"end":{"line":51,"column":83}},"line":51},"5":{"name":"(anonymous_5)","decl":{"start":{"line":58,"column":36},"end":{"line":58,"column":37}},"loc":{"start":{"line":59,"column":16},"end":{"line":61,"column":22}},"line":59}},"branchMap":{"0":{"loc":{"start":{"line":26,"column":26},"end":{"line":28,"column":21}},"type":"cond-expr","locations":[{"start":{"line":27,"column":6},"end":{"line":27,"column":21}},{"start":{"line":28,"column":6},"end":{"line":28,"column":21}}],"line":26},"1":{"loc":{"start":{"line":57,"column":13},"end":{"line":62,"column":44}},"type":"cond-expr","locations":[{"start":{"line":58,"column":16},"end":{"line":61,"column":24}},{"start":{"line":62,"column":16},"end":{"line":62,"column":44}}],"line":57},"2":{"loc":{"start":{"line":57,"column":13},"end":{"line":57,"column":54}},"type":"binary-expr","locations":[{"start":{"line":57,"column":13},"end":{"line":57,"column":28}},{"start":{"line":57,"column":32},"end":{"line":57,"column":54}}],"line":57}},"s":{"0":1,"1":0,"2":0,"3":0,"4":0,"5":0,"6":0,"7":0,"8":0,"9":0,"10":0,"11":0,"12":0,"13":0,"14":0,"15":0,"16":0,"17":0},"f":{"0":0,"1":0,"2":0,"3":0,"4":0,"5":0},"b":{"0":[0,0],"1":[0,0],"2":[0,0]},"_coverageSchema":"43e27e138ebf9cfc5966b082cf9a028302ed4184","hash":"7098a66192d25d51e6de10f25f9d70fd47a9fdc6"}
,"/Users/ngonl/Documents/oddx-team/odd-game-app/src/pages/game-rooms/index.js": {"path":"/Users/ngonl/Documents/oddx-team/odd-game-app/src/pages/game-rooms/index.js","statementMap":{},"fnMap":{},"branchMap":{},"s":{},"f":{},"b":{},"_coverageSchema":"43e27e138ebf9cfc5966b082cf9a028302ed4184","hash":"b37279fbd19df9fa1493d81f966dc394941ef639"}
,"/Users/ngonl/Documents/oddx-team/odd-game-app/src/pages/game-rooms/styled.js": {"path":"/Users/ngonl/Documents/oddx-team/odd-game-app/src/pages/game-rooms/styled.js","statementMap":{"0":{"start":{"line":4,"column":31},"end":{"line":14,"column":1}},"1":{"start":{"line":16,"column":28},"end":{"line":18,"column":1}},"2":{"start":{"line":20,"column":25},"end":{"line":30,"column":1}},"3":{"start":{"line":32,"column":21},"end":{"line":48,"column":1}},"4":{"start":{"line":50,"column":24},"end":{"line":55,"column":1}},"5":{"start":{"line":57,"column":28},"end":{"line":77,"column":1}},"6":{"start":{"line":79,"column":29},"end":{"line":86,"column":1}}},"fnMap":{},"branchMap":{},"s":{"0":1,"1":1,"2":1,"3":1,"4":1,"5":1,"6":1},"f":{},"b":{},"_coverageSchema":"43e27e138ebf9cfc5966b082cf9a028302ed4184","hash":"f7d4e51242a092f511a78c0d523212847dbd7ca5"}
,"/Users/ngonl/Documents/oddx-team/odd-game-app/src/pages/game-rooms/tab-list/TabList.js": {"path":"/Users/ngonl/Documents/oddx-team/odd-game-app/src/pages/game-rooms/tab-list/TabList.js","statementMap":{"0":{"start":{"line":6,"column":12},"end":{"line":13,"column":1}},"1":{"start":{"line":7,"column":2},"end":{"line":12,"column":3}},"2":{"start":{"line":15,"column":23},"end":{"line":26,"column":1}},"3":{"start":{"line":16,"column":17},"end":{"line":18,"column":3}},"4":{"start":{"line":17,"column":4},"end":{"line":17,"column":44}},"5":{"start":{"line":20,"column":2},"end":{"line":25,"column":3}},"6":{"start":{"line":22,"column":65},"end":{"line":22,"column":77}},"7":{"start":{"line":23,"column":61},"end":{"line":23,"column":73}},"8":{"start":{"line":28,"column":0},"end":{"line":33,"column":1}},"9":{"start":{"line":35,"column":0},"end":{"line":38,"column":1}}},"fnMap":{"0":{"name":"(anonymous_0)","decl":{"start":{"line":6,"column":12},"end":{"line":6,"column":13}},"loc":{"start":{"line":6,"column":51},"end":{"line":13,"column":1}},"line":6},"1":{"name":"(anonymous_1)","decl":{"start":{"line":15,"column":23},"end":{"line":15,"column":24}},"loc":{"start":{"line":15,"column":53},"end":{"line":26,"column":1}},"line":15},"2":{"name":"(anonymous_2)","decl":{"start":{"line":16,"column":17},"end":{"line":16,"column":18}},"loc":{"start":{"line":16,"column":24},"end":{"line":18,"column":3}},"line":16},"3":{"name":"(anonymous_3)","decl":{"start":{"line":22,"column":59},"end":{"line":22,"column":60}},"loc":{"start":{"line":22,"column":65},"end":{"line":22,"column":77}},"line":22},"4":{"name":"(anonymous_4)","decl":{"start":{"line":23,"column":55},"end":{"line":23,"column":56}},"loc":{"start":{"line":23,"column":61},"end":{"line":23,"column":73}},"line":23}},"branchMap":{"0":{"loc":{"start":{"line":17,"column":11},"end":{"line":17,"column":44}},"type":"cond-expr","locations":[{"start":{"line":17,"column":31},"end":{"line":17,"column":39}},{"start":{"line":17,"column":42},"end":{"line":17,"column":44}}],"line":17}},"s":{"0":1,"1":0,"2":1,"3":0,"4":0,"5":0,"6":0,"7":0,"8":1,"9":1},"f":{"0":0,"1":0,"2":0,"3":0,"4":0},"b":{"0":[0,0]},"_coverageSchema":"43e27e138ebf9cfc5966b082cf9a028302ed4184","hash":"980f02f7f5efb9ecc8046ea0eb5e23257a94e862"}
,"/Users/ngonl/Documents/oddx-team/odd-game-app/src/pages/game-rooms/tab-list/index.js": {"path":"/Users/ngonl/Documents/oddx-team/odd-game-app/src/pages/game-rooms/tab-list/index.js","statementMap":{},"fnMap":{},"branchMap":{},"s":{},"f":{},"b":{},"_coverageSchema":"43e27e138ebf9cfc5966b082cf9a028302ed4184","hash":"4180f8a4ca93abc251f0f04b361802662e2ac597"}
,"/Users/ngonl/Documents/oddx-team/odd-game-app/src/pages/game-rooms/tab-list/styled.js": {"path":"/Users/ngonl/Documents/oddx-team/odd-game-app/src/pages/game-rooms/tab-list/styled.js","statementMap":{"0":{"start":{"line":4,"column":28},"end":{"line":12,"column":1}},"1":{"start":{"line":14,"column":25},"end":{"line":46,"column":1}}},"fnMap":{},"branchMap":{},"s":{"0":1,"1":1},"f":{},"b":{},"_coverageSchema":"43e27e138ebf9cfc5966b082cf9a028302ed4184","hash":"f3863a34265c55b00aa516f13b80ad6911396182"}
,"/Users/ngonl/Documents/oddx-team/odd-game-app/src/pages/global-chat/GlobalChat.js": {"path":"/Users/ngonl/Documents/oddx-team/odd-game-app/src/pages/global-chat/GlobalChat.js","statementMap":{"0":{"start":{"line":10,"column":26},"end":{"line":65,"column":1}},"1":{"start":{"line":11,"column":18},"end":{"line":11,"column":30}},"2":{"start":{"line":12,"column":21},"end":{"line":12,"column":43}},"3":{"start":{"line":13,"column":38},"end":{"line":13,"column":50}},"4":{"start":{"line":15,"column":2},"end":{"line":15,"column":54}},"5":{"start":{"line":15,"column":18},"end":{"line":15,"column":41}},"6":{"start":{"line":16,"column":2},"end":{"line":16,"column":49}},"7":{"start":{"line":16,"column":18},"end":{"line":16,"column":34}},"8":{"start":{"line":17,"column":2},"end":{"line":37,"column":18}},"9":{"start":{"line":18,"column":4},"end":{"line":32,"column":8}},"10":{"start":{"line":19,"column":6},"end":{"line":19,"column":26}},"11":{"start":{"line":20,"column":6},"end":{"line":27,"column":8}},"12":{"start":{"line":21,"column":27},"end":{"line":25,"column":9}},"13":{"start":{"line":26,"column":8},"end":{"line":26,"column":50}},"14":{"start":{"line":29,"column":6},"end":{"line":31,"column":8}},"15":{"start":{"line":30,"column":8},"end":{"line":30,"column":27}},"16":{"start":{"line":33,"column":4},"end":{"line":36,"column":5}},"17":{"start":{"line":34,"column":6},"end":{"line":34,"column":32}},"18":{"start":{"line":35,"column":6},"end":{"line":35,"column":27}},"19":{"start":{"line":39,"column":25},"end":{"line":41,"column":3}},"20":{"start":{"line":40,"column":4},"end":{"line":40,"column":36}},"21":{"start":{"line":43,"column":24},"end":{"line":45,"column":3}},"22":{"start":{"line":44,"column":4},"end":{"line":44,"column":43}},"23":{"start":{"line":47,"column":2},"end":{"line":64,"column":3}},"24":{"start":{"line":54,"column":12},"end":{"line":56,"column":18}},"25":{"start":{"line":67,"column":16},"end":{"line":74,"column":1}},"26":{"start":{"line":68,"column":2},"end":{"line":73,"co
[...]
,"/Users/ngonl/Documents/oddx-team/odd-game-app/src/pages/playground/widgets/PlaygroundWidgets.js": {"path":"/Users/ngonl/Documents/oddx-team/odd-game-app/src/pages/playground/widgets/PlaygroundWidgets.js","statementMap":{"0":{"start":{"line":8,"column":18},"end":{"line":14,"column":1}},"1":{"start":{"line":9,"column":2},"end":{"line":13,"column":3}},"2":{"start":{"line":16,"column":33},"end":{"line":36,"column":1}},"3":{"start":{"line":17,"column":36},"end":{"line":17,"column":47}},"4":{"start":{"line":19,"column":17},"end":{"line":21,"column":3}},"5":{"start":{"line":20,"column":4},"end":{"line":20,"column":30}},"6":{"start":{"line":23,"column":2},"end":{"line":35,"column":3}},"7":{"start":{"line":26,"column":53},"end":{"line":26,"column":68}},"8":{"start":{"line":27,"column":53},"end":{"line":27,"column":68}},"9":{"start":{"line":38,"column":0},"end":{"line":42,"column":1}}},"fnMap":{"0":{"name":"(anonymous_0)","decl":{"start":{"line":8,"column":18},"end":{"line":8,"column":19}},"loc":{"start":{"line":8,"column":50},"end":{"line":14,"column":1}},"line":8},"1":{"name":"(anonymous_1)","decl":{"start":{"line":16,"column":33},"end":{"line":16,"column":34}},"loc":{"start":{"line":16,"column":39},"end":{"line":36,"column":1}},"line":16},"2":{"name":"(anonymous_2)","decl":{"start":{"line":19,"column":17},"end":{"line":19,"column":18}},"loc":{"start":{"line":19,"column":26},"end":{"line":21,"column":3}},"line":19},"3":{"name":"(anonymous_3)","decl":{"start":{"line":26,"column":47},"end":{"line":26,"column":48}},"loc":{"start":{"line":26,"column":53},"end":{"line":26,"column":68}},"line":26},"4":{"name":"(anonymous_4)","decl":{"start":{"line":27,"column":47},"end":{"line":27,"column":48}},"loc":{"start":{"line":27,"column":53},"end":{"line":27,"column":68}},"line":27}},"branchMap":{"0":{"loc":{"start":{"line":31,"column":14},"end":{"line":31,"column":40}},"type":"binary-expr","locations":[{"start":{"line":31,"column":14},"end":{"line":31,"column":23}},{"start":{"line":31,"column":27},"end":{"line":31,"column":40}}],"line":31},"1":{"loc":{"start":{"line":32,"column":14},"end":{"line":32,"column":46}},"type":"binary-expr","locations":[{"start":{"line":32,"column":14},"end":{"line":32,"column":23}},{"start":{"line":32,"column":27},"end":{"line":32,"column":46}}],"line":32}},"s":{"0":1,"1":0,"2":1,"3":0,"4":0,"5":0,"6":0,"7":0,"8":0,"9":1},"f":{"0":0,"1":0,"2":0,"3":0,"4":0},"b":{"0":[0,0],"1":[0,0]},"_coverageSchema":"43e27e138ebf9cfc5966b082cf9a028302ed4184","hash":"4947a82e95a6fc3cce8c4043836dd420780af1ac"}
,"/Users/ngonl/Documents/oddx-team/odd-game-app/src/pages/playground/widgets/index.js": {"path":"/Users/ngonl/Documents/oddx-team/odd-game-app/src/pages/playground/widgets/index.js","statementMap":{},"fnMap":{},"branchMap":{},"s":{},"f":{},"b":{},"_coverageSchema":"43e27e138ebf9cfc5966b082cf9a028302ed4184","hash":"be30baddd2ef9dffc1970a4a3ca084987dfd9f12"}
,"/Users/ngonl/Documents/oddx-team/odd-game-app/src/pages/playground/widgets/styled.js": {"path":"/Users/ngonl/Documents/oddx-team/odd-game-app/src/pages/playground/widgets/styled.js","statementMap":{"0":{"start":{"line":3,"column":29},"end":{"line":10,"column":1}},"1":{"start":{"line":12,"column":22},"end":{"line":17,"column":1}},"2":{"start":{"line":19,"column":19},"end":{"line":34,"column":1}},"3":{"start":{"line":36,"column":25},"end":{"line":39,"column":1}}},"fnMap":{},"branchMap":{},"s":{"0":1,"1":1,"2":1,"3":1},"f":{},"b":{},"_coverageSchema":"43e27e138ebf9cfc5966b082cf9a028302ed4184","hash":"bbd67cee616a67e0add685e539664d4cd6bfc962"}
,"/Users/ngonl/Documents/oddx-team/odd-game-app/src/pages/view-cards/PageViewCards.js": {"path":"/Users/ngonl/Documents/oddx-team/odd-game-app/src/pages/view-cards/PageViewCards.js","statementMap":{"0":{"start":{"line":16,"column":29},"end":{"line":44,"column":1}},"1":{"start":{"line":17,"column":36},"end":{"line":17,"column":47}},"2":{"start":{"line":18,"column":30},"end":{"line":18,"column":55}},"3":{"start":{"line":19,"column":42},"end":{"line":19,"column":65}},"4":{"start":{"line":21,"column":2},"end":{"line":21,"column":73}},"5":{"start":{"line":21,"column":18},"end":{"line":21,"column":43}},"6":{"start":{"line":22,"column":2},"end":{"line":22,"column":47}},"7":{"start":{"line":22,"column":18},"end":{"line":22,"column":33}},"8":{"start":{"line":24,"column":2},"end":{"line":43,"column":3}},"9":{"start":{"line":29,"column":35},"end":{"line":29,"column":52}},"10":{"start":{"line":34,"column":16},"end":{"line":36,"column":22}}},"fnMap":{"0":{"name":"(anonymous_0)","decl":{"start":{"line":16,"column":29},"end":{"line":16,"column":30}},"loc":{"start":{"line":16,"column":35},"end":{"line":44,"column":1}},"line":16},"1":{"name":"(anonymous_1)","decl":{"start":{"line":21,"column":12},"end":{"line":21,"column":13}},"loc":{"start":{"line":21,"column":18},"end":{"line":21,"column":43}},"line":21},"2":{"name":"(anonymous_2)","decl":{"start":{"line":22,"column":12},"end":{"line":22,"column":13}},"loc":{"start":{"line":22,"column":18},"end":{"line":22,"column":33}},"line":22},"3":{"name":"(anonymous_3)","decl":{"start":{"line":29,"column":28},"end":{"line":29,"column":29}},"loc":{"start":{"line":29,"column":35},"end":{"line":29,"column":52}},"line":29},"4":{"name":"(anonymous_4)","decl":{"start":{"line":33,"column":29},"end":{"line":33,"column":30}},"loc":{"start":{"line":34,"column":16},"end":{"line":36,"column":22}},"line":34}},"branchMap":{"0":{"loc":{"start":{"line":32,"column":13},"end":{"line":38,"column":43}},"type":"cond-expr","locations":[{"start":{"line":33,"column":16},"end":{"line":37,"column":16}},{"start":{"line":38,"column":16},"end":{"line":38,"column":43}}],"line":32},"1":{"loc":{"start":{"line":32,"column":13},"end":{"line":32,"column":40}},"type":"binary-expr","locations":[{"start":{"line":32,"column":13},"end":{"line":32,"column":21}},{"start":{"line":32,"column":25},"end":{"line":32,"column":40}}],"line":32}},"s":{"0":1,"1":0,"2":0,"3":0,"4":0,"5":0,"6":0,"7":0,"8":0,"9":0,"10":0},"f":{"0":0,"1":0,"2":0,"3":0,"4":0},"b":{"0":[0,0],"1":[0,0]},"_coverageSchema":"43e27e138ebf9cfc5966b082cf9a028302ed4184","hash":"115119b8718432d6c4b30a9fe49d2015b043ebf4"}
,"/Users/ngonl/Documents/oddx-team/odd-game-app/src/pages/view-cards/index.js": {"path":"/Users/ngonl/Documents/oddx-team/odd-game-app/src/pages/view-cards/index.js","statementMap":{},"fnMap":{},"branchMap":{},"s":{},"f":{},"b":{},"_coverageSchema":"43e27e138ebf9cfc5966b082cf9a028302ed4184","hash":"2599c674e5ba312fd6d46fbb2d9c143aaa1ca248"}
,"/Users/ngonl/Documents/oddx-team/odd-game-app/src/pages/view-cards/styled.js": {"path":"/Users/ngonl/Documents/oddx-team/odd-game-app/src/pages/view-cards/styled.js","statementMap":{"0":{"start":{"line":4,"column":31},"end":{"line":14,"column":1}},"1":{"start":{"line":16,"column":28},"end":{"line":18,"column":1}},"2":{"start":{"line":20,"column":25},"end":{"line":30,"column":1}},"3":{"start":{"line":32,"column":29},"end":{"line":40,"column":1}},"4":{"start":{"line":42,"column":21},"end":{"line":58,"column":1}},"5":{"start":{"line":60,"column":24},"end":{"line":65,"column":1}},"6":{"start":{"line":67,"column":28},"end":{"line":87,"column":1}}},"fnMap":{},"branchMap":{},"s":{"0":1,"1":1,"2":1,"3":1,"4":1,"5":1,"6":1},"f":{},"b":{},"_coverageSchema":"43e27e138ebf9cfc5966b082cf9a028302ed4184","hash":"b51399986ebd226343706db6873888383554095f"}
,"/Users/ngonl/Documents/oddx-team/odd-game-app/src/pages/view-cards/tab-list/TabList.js": {"path":"/Users/ngonl/Documents/oddx-team/odd-game-app/src/pages/view-cards/tab-list/TabList.js","statementMap":{"0":{"start":{"line":6,"column":12},"end":{"line":13,"column":1}},"1":{"start":{"line":7,"column":2},"end":{"line":12,"column":3}},"2":{"start":{"line":15,"column":23},"end":{"line":26,"column":1}},"3":{"start":{"line":16,"column":17},"end":{"line":18,"column":3}},"4":{"start":{"line":17,"column":4},"end":{"line":17,"column":44}},"5":{"start":{"line":20,"column":2},"end":{"line":25,"column":3}},"6":{"start":{"line":22,"column":61},"end":{"line":22,"column":73}},"7":{"start":{"line":23,"column":61},"end":{"line":23,"column":73}},"8":{"start":{"line":28,"column":0},"end":{"line":33,"column":1}},"9":{"start":{"line":35,"column":0},"end":{"line":38,"column":1}}},"fnMap":{"0":{"name":"(anonymous_0)","decl":{"start":{"line":6,"column":12},"end":{"line":6,"column":13}},"loc":{"start":{"line":6,"column":51},"end":{"line":13,"column":1}},"line":6},"1":{"name":"(anonymous_1)","decl":{"start":{"line":15,"column":23},"end":{"line":15,"column":24}},"loc":{"start":{"line":15,"column":53},"end":{"line":26,"column":1}},"line":15},"2":{"name":"(anonymous_2)","decl":{"start":{"line":16,"column":17},"end":{"line":16,"column":18}},"loc":{"start":{"line":16,"column":24},"end":{"line":18,"column":3}},"line":16},"3":{"name":"(anonymous_3)","decl":{"start":{"line":22,"column":55},"end":{"line":22,"column":56}},"loc":{"start":{"line":22,"column":61},"end":{"line":22,"column":73}},"line":22},"4":{"name":"(anonymous_4)","decl":{"start":{"line":23,"column":55},"end":{"line":23,"column":56}},"loc":{"start":{"line":23,"column":61},"end":{"line":23,"column":73}},"line":23}},"branchMap":{"0":{"loc":{"start":{"line":17,"column":11},"end":{"line":17,"column":44}},"type":"cond-expr","locations":[{"start":{"line":17,"column":31},"end":{"line":17,"column":39}},{"start":{"line":17,"column":42},"end":{"line":17,"column":44}}],"line":17}},"s":{"0":1,"1":0,"2":1,"3":0,"4":0,"5":0,"6":0,"7":0,"8":1,"9":1},"f":{"0":0,"1":0,"2":0,"3":0,"4":0},"b":{"0":[0,0]},"_coverageSchema":"43e27e138ebf9cfc5966b082cf9a028302ed4184","hash":"4dc878291fbf7f00333002af1c4f021665860050"}
,"/Users/ngonl/Documents/oddx-team/odd-game-app/src/pages/view-cards/tab-list/index.js": {"path":"/Users/ngonl/Documents/oddx-team/odd-game-app/src/pages/view-cards/tab-list/index.js","statementMap":{},"fnMap":{},"branchMap":{},"s":{},"f":{},"b":{},"_coverageSchema":"43e27e138ebf9cfc5966b082cf9a028302ed4184","hash":"a3fb245765ffd820ad88770525ee0b9a1fd54175"}
,"/Users/ngonl/Documents/oddx-team/odd-game-app/src/pages/view-cards/tab-list/styled.js": {"path":"/Users/ngonl/Documents/oddx-team/odd-game-app/src/pages/view-cards/tab-list/styled.js","statementMap":{"0":{"start":{"line":4,"column":28},"end":{"line":12,"column":1}},"1":{"start":{"line":14,"column":25},"end":{"line":46,"column":1}}},"fnMap":{},"branchMap":{},"s":{"0":1,"1":1},"f":{},"b":{},"_coverageSchema":"43e27e138ebf9cfc5966b082cf9a028302ed4184","hash":"67fc0ee9043f411e1c6c3e9689e9d6f0e9e07aa1"}
,"/Users/ngonl/Documents/oddx-team/odd-game-app/src/services/dev.js": {"path":"/Users/ngonl/Documents/oddx-team/odd-game-app/src/services/dev.js","statementMap":{"0":{"start":{"line":5,"column":4},"end":{"line":5,"column":26}},"1":{"start":{"line":6,"column":4},"end":{"line":8,"column":6}},"2":{"start":{"line":13,"column":4},"end":{"line":13,"column":26}},"3":{"start":{"line":17,"column":4},"end":{"line":17,"column":26}},"4":{"start":{"line":18,"column":4},"end":{"line":20,"column":6}},"5":{"start":{"line":25,"column":4},"end":{"line":32,"column":5}},"6":{"start":{"line":26,"column":46},"end":{"line":31,"column":7}},"7":{"start":{"line":36,"column":4},"end":{"line":36,"column":26}},"8":{"start":{"line":37,"column":4},"end":{"line":131,"column":6}},"9":{"start":{"line":135,"column":4},"end":{"line":135,"column":26}},"10":{"start":{"line":136,"column":4},"end":{"line":147,"column":5}},"11":{"start":{"line":137,"column":46},"end":{"line":146,"column":7}},"12":{"start":{"line":151,"column":4},"end":{"line":151,"column":26}},"13":{"start":{"line":152,"column":4},"end":{"line":163,"column":5}},"14":{"start":{"line":153,"column":46},"end":{"line":162,"column":7}},"15":{"start":{"line":172,"column":4},"end":{"line":172,"column":26}},"16":{"start":{"line":173,"column":4},"end":{"line":173,"column":71}},"17":{"start":{"line":182,"column":4},"end":{"line":182,"column":26}},"18":{"start":{"line":183,"column":4},"end":{"line":210,"column":6}}},"fnMap":{"0":{"name":"(anonymous_0)","decl":{"start":{"line":4,"column":2},"end":{"line":4,"column":3}},"loc":{"start":{"line":4,"column":28},"end":{"line":10,"column":3}},"line":4},"1":{"name":"(anonymous_1)","decl":{"start":{"line":12,"column":2},"end":{"line":12,"column":3}},"loc":{"start":{"line":12,"column":18},"end":{"line":14,"column":3}},"line":12},"2":{"name":"(anonymous_2)","decl":{"start":{"line":16,"column":2},"end":{"line":16,"column":3}},"loc":{"start":{"line":16,"column":17},"end":{"line":22,"column":3}},"line":16},"3":{"name":"(anonymous_3)","decl":{"start":{"line":24,"column":2},"end":{"line":24,"column":3}},"loc":{"start":{"line":24,"column":20},"end":{"line":33,"column":3}},"line":24},"4":{"name":"(anonymous_4)","decl":{"start":{"line":26,"column":35},"end":{"line":26,"column":36}},"loc":{"start":{"line":26,"column":46},"end":{"line":31,"column":7}},"line":26},"5":{"name":"(anonymous_5)","decl":{"start":{"line":35,"column":2},"end":{"line":35,"column":3}},"loc":{"start":{"line":35,"column":23},"end":{"line":132,"column":3}},"line":35},"6":{"name":"(anonymous_6)","decl":{"start":{"line":134,"column":2},"end":{"line":134,"column":3}},"loc":{"start":{"line":134,"column":26},"end":{"line":148,"column":3}},"line":134},"7":{"name":"(anonymous_7)","decl":{"start":{"line":137,"column":35},"end":{"line":137,"column":36}},"loc":{"start":{"line":137,"column":46},"end":{"line":146,"column":7}},"line":137},"8":{"name":"(anonymous_8)","decl":{"start":{"line":150,"column":2},"end":{"line":150,"column":3}},"loc":{"start":{"line":150,"column":22},"end":{"line":164,"column":3}},"line":150},"9":{"name":"(anonymous_9)","decl":{"start":{"line":153,"column":35},"end":{"line":153,"column":36}},"loc":{"start":{"line":153,"column":46},"end":{"line":162,"column":7}},"line":153},"10":{"name":"(anonymous_10)","decl":{"start":{"line":166,"column":2},"end":{"line":166,"column":3}},"loc":{"start":{"line":166,"column":39},"end":{"line":174,"column":3}},"line":166},"11":{"name":"(anonymous_11)","decl":{"start":{"line":176,"column":2},"end":{"line":176,"column":3}},"loc":{"start":{"line":176,"column":27},"end":{"line":211,"column":3}},"line":176}},"branchMap":{"0":{"loc":{"start":{"line":145,"column":16},"end":{"line":145,"column":55}},"type":"cond-expr","locations":[{"start":{"line":145,"column":30},"end":{"line":145,"column":43}},{"start":{"line":145,"column":46},"end":{"line":145,"column":55}}],"line":145},"1":{"loc":{"start":{"line":161,"column":16},"end":{"line":161,"column":55}},"type":"cond-expr","locations":[{"start":{"line":161,"column":30},"end":{"line":161,"column":43}},{"start":{"line":161,"column":46},"end":{"line":161,"column":55}}],"line":161}},"s":{"0":0,"1":0,"2":0,"3":0,"4":0,"5":0,"6":0,"7":0,"8":0,"9":0,"10":0,"11":0,"12":0,"13":0,"14":0,"15":0,"16":0,"17":0,"18":0},"f":{"0":0,"1":0,"2":0,"3":0,"4":0,"5":0,"6":0,"7":0,"8":0,"9":0,"10":0,"11":0},"b":{"0":[0,0],"1":[0,0]},"hash":"7534e93951c0eeb00d284ba94e61cd39a4dd2c6c"}
,"/Users/ngonl/Documents/oddx-team/odd-game-app/src/services/index.js": {"path":"/Users/ngonl/Documents/oddx-team/odd-game-app/src/services/index.js","statementMap":{},"fnMap":{},"branchMap":{"0":{"loc":{"start":{"line":1,"column":16},"end":{"line":3,"column":29}},"type":"cond-expr","locations":[{"start":{"line":2,"column":4},"end":{"line":2,"column":28}},{"start":{"line":3,"column":4},"end":{"line":3,"column":29}}],"line":1},"1":{"loc":{"start":{"line":1,"column":16},"end":{"line":1,"column":110}},"type":"binary-expr","locations":[{"start":{"line":1,"column":16},"end":{"line":1,"column":64}},{"start":{"line":1,"column":68},"end":{"line":1,"column":110}}],"line":1}},"s":{},"f":{},"b":{"0":[0,1],"1":[1,0]},"_coverageSchema":"43e27e138ebf9cfc5966b082cf9a028302ed4184","hash":"47da1e1a1395a34e7d3b1d55d8e1955bbb21b367"}
,"/Users/ngonl/Documents/oddx-team/odd-game-app/src/services/prod.js": {"path":"/Users/ngonl/Documents/oddx-team/odd-game-app/src/services/prod.js","statementMap":{"0":{"start":{"line":4,"column":12},"end":{"line":4,"column":18}},"1":{"start":{"line":7,"column":14},"end":{"line":7,"column":29}},"2":{"start":{"line":9,"column":17},"end":{"line":16,"column":3}},"3":{"start":{"line":17,"column":2},"end":{"line":17,"column":66}},"4":{"start":{"line":17,"column":36},"end":{"line":17,"column":65}},"5":{"start":{"line":22,"column":4},"end":{"line":22,"column":61}},"6":{"start":{"line":25,"column":4},"end":{"line":25,"column":45}},"7":{"start":{"line":28,"column":4},"end":{"line":28,"column":40}},"8":{"start":{"line":31,"column":4},"end":{"line":31,"column":29}},"9":{"start":{"line":34,"column":4},"end":{"line":34,"column":33}},"10":{"start":{"line":37,"column":4},"end":{"line":37,"column":33}},"11":{"start":{"line":40,"column":4},"end":{"line":40,"column":33}},"12":{"start":{"line":43,"column":4},"end":{"line":43,"column":52}},"13":{"start":{"line":51,"column":4},"end":{"line":51,"column":26}},"14":{"start":{"line":52,"column":4},"end":{"line":79,"column":6}}},"fnMap":{"0":{"name":"api","decl":{"start":{"line":6,"column":9},"end":{"line":6,"column":12}},"loc":{"start":{"line":6,"column":38},"end":{"line":18,"column":1}},"line":6},"1":{"name":"(anonymous_1)","decl":{"start":{"line":17,"column":28},"end":{"line":17,"column":29}},"loc":{"start":{"line":17,"column":36},"end":{"line":17,"column":65}},"line":17},"2":{"name":"(anonymous_2)","decl":{"start":{"line":21,"column":2},"end":{"line":21,"column":3}},"loc":{"start":{"line":21,"column":30},"end":{"line":23,"column":3}},"line":21},"3":{"name":"(anonymous_3)","decl":{"start":{"line":24,"column":2},"end":{"line":24,"column":3}},"loc":{"start":{"line":24,"column":12},"end":{"line":26,"column":3}},"line":24},"4":{"name":"(anonymous_4)","decl":{"start":{"line":27,"column":2},"end":{"line":27,"column":3}},"loc":{"start":{"line":27,"column":11},"end":{"line":29,"column":3}},"line":27},"5":{"name":"(anonymous_5)","decl":{"start":{"line":30,"column":2},"end":{"line":30,"column":3}},"loc":{"start":{"line":30,"column":14},"end":{"line":32,"column":3}},"line":30},"6":{"name":"(anonymous_6)","decl":{"start":{"line":33,"column":2},"end":{"line":33,"column":3}},"loc":{"start":{"line":33,"column":23},"end":{"line":35,"column":3}},"line":33},"7":{"name":"(anonymous_7)","decl":{"start":{"line":36,"column":2},"end":{"line":36,"column":3}},"loc":{"start":{"line":36,"column":20},"end":{"line":38,"column":3}},"line":36},"8":{"name":"(anonymous_8)","decl":{"start":{"line":39,"column":2},"end":{"line":39,"column":3}},"loc":{"start":{"line":39,"column":16},"end":{"line":41,"column":3}},"line":39},"9":{"name":"(anonymous_9)","decl":{"start":{"line":42,"column":2},"end":{"line":42,"column":3}},"loc":{"start":{"line":42,"column":33},"end":{"line":44,"column":3}},"line":42},"10":{"name":"(anonymous_10)","decl":{"start":{"line":45,"column":2},"end":{"line":45,"column":3}},"loc":{"start":{"line":45,"column":27},"end":{"line":80,"column":3}},"line":45}},"branchMap":{"0":{"loc":{"start":{"line":6,"column":27},"end":{"line":6,"column":36}},"type":"default-arg","locations":[{"start":{"line":6,"column":34},"end":{"line":6,"column":36}}],"line":6}},"s":{"0":1,"1":0,"2":0,"3":0,"4":0,"5":0,"6":0,"7":0,"8":0,"9":0,"10":0,"11":0,"12":0,"13":0,"14":0},"f":{"0":0,"1":0,"2":0,"3":0,"4":0,"5":0,"6":0,"7":0,"8":0,"9":0,"10":0},"b":{"0":[0]},"_coverageSchema":"43e27e138ebf9cfc5966b082cf9a028302ed4184","hash":"74982a386c8b13d3b387b1a54a74bb44c9cd938f"}
}
